[2025-03-26T11:51:40.728+0000] {processor.py:186} INFO - Started process (PID=172) to work on /opt/airflow/dags/containers1_dag.py
[2025-03-26T11:51:40.730+0000] {processor.py:914} INFO - Processing file /opt/airflow/dags/containers1_dag.py for tasks to queue
[2025-03-26T11:51:40.734+0000] {logging_mixin.py:190} INFO - [2025-03-26T11:51:40.733+0000] {dagbag.py:588} INFO - Filling up the DagBag from /opt/airflow/dags/containers1_dag.py
[2025-03-26T11:51:40.800+0000] {processor.py:925} INFO - DAG(s) 'containers1_dag' retrieved from /opt/airflow/dags/containers1_dag.py
[2025-03-26T11:51:41.812+0000] {logging_mixin.py:190} INFO - [2025-03-26T11:51:41.811+0000] {override.py:1912} INFO - Created Permission View: can read on DAG:containers1_dag
[2025-03-26T11:51:41.836+0000] {logging_mixin.py:190} INFO - [2025-03-26T11:51:41.835+0000] {override.py:1912} INFO - Created Permission View: can delete on DAG:containers1_dag
[2025-03-26T11:51:41.851+0000] {logging_mixin.py:190} INFO - [2025-03-26T11:51:41.851+0000] {override.py:1912} INFO - Created Permission View: can edit on DAG:containers1_dag
[2025-03-26T11:51:41.875+0000] {logging_mixin.py:190} INFO - [2025-03-26T11:51:41.874+0000] {override.py:1912} INFO - Created Permission View: can read on DAG Run:containers1_dag
[2025-03-26T11:51:41.894+0000] {logging_mixin.py:190} INFO - [2025-03-26T11:51:41.893+0000] {override.py:1912} INFO - Created Permission View: can create on DAG Run:containers1_dag
[2025-03-26T11:51:41.915+0000] {logging_mixin.py:190} INFO - [2025-03-26T11:51:41.912+0000] {override.py:1912} INFO - Created Permission View: can delete on DAG Run:containers1_dag
[2025-03-26T11:51:41.934+0000] {logging_mixin.py:190} INFO - [2025-03-26T11:51:41.934+0000] {override.py:1912} INFO - Created Permission View: menu access on DAG Run:containers1_dag
[2025-03-26T11:51:41.935+0000] {logging_mixin.py:190} INFO - [2025-03-26T11:51:41.935+0000] {dag.py:3239} INFO - Sync 1 DAGs
[2025-03-26T11:51:41.999+0000] {logging_mixin.py:190} INFO - [2025-03-26T11:51:41.998+0000] {dag.py:3262} INFO - Creating ORM DAG for containers1_dag
[2025-03-26T11:51:42.046+0000] {logging_mixin.py:190} INFO - [2025-03-26T11:51:42.045+0000] {dag.py:4180} INFO - Setting next_dagrun for containers1_dag to 2024-03-01 00:00:00+00:00, run_after=2024-03-02 00:00:00+00:00
[2025-03-26T11:51:42.133+0000] {processor.py:208} INFO - Processing /opt/airflow/dags/containers1_dag.py took 1.417 seconds
[2025-03-26T11:52:12.377+0000] {processor.py:186} INFO - Started process (PID=188) to work on /opt/airflow/dags/containers1_dag.py
[2025-03-26T11:52:12.378+0000] {processor.py:914} INFO - Processing file /opt/airflow/dags/containers1_dag.py for tasks to queue
[2025-03-26T11:52:12.381+0000] {logging_mixin.py:190} INFO - [2025-03-26T11:52:12.380+0000] {dagbag.py:588} INFO - Filling up the DagBag from /opt/airflow/dags/containers1_dag.py
[2025-03-26T11:52:12.400+0000] {processor.py:925} INFO - DAG(s) 'containers1_dag' retrieved from /opt/airflow/dags/containers1_dag.py
[2025-03-26T11:52:12.452+0000] {logging_mixin.py:190} INFO - [2025-03-26T11:52:12.451+0000] {dag.py:3239} INFO - Sync 1 DAGs
[2025-03-26T11:52:12.499+0000] {logging_mixin.py:190} INFO - [2025-03-26T11:52:12.499+0000] {dag.py:4180} INFO - Setting next_dagrun for containers1_dag to 2024-03-01 00:00:00+00:00, run_after=2024-03-02 00:00:00+00:00
[2025-03-26T11:52:12.530+0000] {processor.py:208} INFO - Processing /opt/airflow/dags/containers1_dag.py took 0.163 seconds
[2025-03-26T11:52:42.694+0000] {processor.py:186} INFO - Started process (PID=204) to work on /opt/airflow/dags/containers1_dag.py
[2025-03-26T11:52:42.695+0000] {processor.py:914} INFO - Processing file /opt/airflow/dags/containers1_dag.py for tasks to queue
[2025-03-26T11:52:42.698+0000] {logging_mixin.py:190} INFO - [2025-03-26T11:52:42.698+0000] {dagbag.py:588} INFO - Filling up the DagBag from /opt/airflow/dags/containers1_dag.py
[2025-03-26T11:52:42.716+0000] {processor.py:925} INFO - DAG(s) 'containers1_dag' retrieved from /opt/airflow/dags/containers1_dag.py
[2025-03-26T11:52:42.754+0000] {logging_mixin.py:190} INFO - [2025-03-26T11:52:42.754+0000] {dag.py:3239} INFO - Sync 1 DAGs
[2025-03-26T11:52:42.790+0000] {logging_mixin.py:190} INFO - [2025-03-26T11:52:42.790+0000] {dag.py:4180} INFO - Setting next_dagrun for containers1_dag to 2024-03-01 00:00:00+00:00, run_after=2024-03-02 00:00:00+00:00
[2025-03-26T11:52:42.837+0000] {processor.py:208} INFO - Processing /opt/airflow/dags/containers1_dag.py took 0.154 seconds
[2025-03-26T11:53:13.346+0000] {processor.py:186} INFO - Started process (PID=280) to work on /opt/airflow/dags/containers1_dag.py
[2025-03-26T11:53:13.350+0000] {processor.py:914} INFO - Processing file /opt/airflow/dags/containers1_dag.py for tasks to queue
[2025-03-26T11:53:13.353+0000] {logging_mixin.py:190} INFO - [2025-03-26T11:53:13.352+0000] {dagbag.py:588} INFO - Filling up the DagBag from /opt/airflow/dags/containers1_dag.py
[2025-03-26T11:53:13.365+0000] {processor.py:925} INFO - DAG(s) 'containers1_dag' retrieved from /opt/airflow/dags/containers1_dag.py
[2025-03-26T11:53:13.403+0000] {logging_mixin.py:190} INFO - [2025-03-26T11:53:13.403+0000] {dag.py:3239} INFO - Sync 1 DAGs
[2025-03-26T11:53:13.446+0000] {logging_mixin.py:190} INFO - [2025-03-26T11:53:13.446+0000] {dag.py:4180} INFO - Setting next_dagrun for containers1_dag to 2024-03-12 00:00:00+00:00, run_after=2024-03-13 00:00:00+00:00
[2025-03-26T11:53:13.485+0000] {processor.py:208} INFO - Processing /opt/airflow/dags/containers1_dag.py took 0.150 seconds
[2025-03-26T11:53:43.826+0000] {processor.py:186} INFO - Started process (PID=296) to work on /opt/airflow/dags/containers1_dag.py
[2025-03-26T11:53:43.830+0000] {processor.py:914} INFO - Processing file /opt/airflow/dags/containers1_dag.py for tasks to queue
[2025-03-26T11:53:43.833+0000] {logging_mixin.py:190} INFO - [2025-03-26T11:53:43.833+0000] {dagbag.py:588} INFO - Filling up the DagBag from /opt/airflow/dags/containers1_dag.py
[2025-03-26T11:53:43.845+0000] {processor.py:925} INFO - DAG(s) 'containers1_dag' retrieved from /opt/airflow/dags/containers1_dag.py
[2025-03-26T11:53:43.877+0000] {logging_mixin.py:190} INFO - [2025-03-26T11:53:43.877+0000] {dag.py:3239} INFO - Sync 1 DAGs
[2025-03-26T11:53:43.920+0000] {logging_mixin.py:190} INFO - [2025-03-26T11:53:43.919+0000] {dag.py:4180} INFO - Setting next_dagrun for containers1_dag to 2024-03-12 00:00:00+00:00, run_after=2024-03-13 00:00:00+00:00
[2025-03-26T11:53:43.953+0000] {processor.py:208} INFO - Processing /opt/airflow/dags/containers1_dag.py took 0.139 seconds
[2025-03-26T12:35:18.635+0000] {processor.py:186} INFO - Started process (PID=171) to work on /opt/airflow/dags/containers1_dag.py
[2025-03-26T12:35:18.637+0000] {processor.py:914} INFO - Processing file /opt/airflow/dags/containers1_dag.py for tasks to queue
[2025-03-26T12:35:18.643+0000] {logging_mixin.py:190} INFO - [2025-03-26T12:35:18.642+0000] {dagbag.py:588} INFO - Filling up the DagBag from /opt/airflow/dags/containers1_dag.py
[2025-03-26T12:35:18.710+0000] {processor.py:925} INFO - DAG(s) 'containers1_dag' retrieved from /opt/airflow/dags/containers1_dag.py
[2025-03-26T12:35:19.439+0000] {logging_mixin.py:190} INFO - [2025-03-26T12:35:19.437+0000] {override.py:1912} INFO - Created Permission View: can delete on DAG:containers1_dag
[2025-03-26T12:35:19.468+0000] {logging_mixin.py:190} INFO - [2025-03-26T12:35:19.467+0000] {override.py:1912} INFO - Created Permission View: can edit on DAG:containers1_dag
[2025-03-26T12:35:19.493+0000] {logging_mixin.py:190} INFO - [2025-03-26T12:35:19.492+0000] {override.py:1912} INFO - Created Permission View: can read on DAG:containers1_dag
[2025-03-26T12:35:19.520+0000] {logging_mixin.py:190} INFO - [2025-03-26T12:35:19.518+0000] {override.py:1912} INFO - Created Permission View: can delete on DAG Run:containers1_dag
[2025-03-26T12:35:19.559+0000] {logging_mixin.py:190} INFO - [2025-03-26T12:35:19.559+0000] {override.py:1912} INFO - Created Permission View: menu access on DAG Run:containers1_dag
[2025-03-26T12:35:19.577+0000] {logging_mixin.py:190} INFO - [2025-03-26T12:35:19.576+0000] {override.py:1912} INFO - Created Permission View: can create on DAG Run:containers1_dag
[2025-03-26T12:35:19.595+0000] {logging_mixin.py:190} INFO - [2025-03-26T12:35:19.594+0000] {override.py:1912} INFO - Created Permission View: can read on DAG Run:containers1_dag
[2025-03-26T12:35:19.596+0000] {logging_mixin.py:190} INFO - [2025-03-26T12:35:19.596+0000] {dag.py:3239} INFO - Sync 1 DAGs
[2025-03-26T12:35:19.625+0000] {logging_mixin.py:190} INFO - [2025-03-26T12:35:19.625+0000] {dag.py:3262} INFO - Creating ORM DAG for containers1_dag
[2025-03-26T12:35:19.649+0000] {logging_mixin.py:190} INFO - [2025-03-26T12:35:19.649+0000] {dag.py:4180} INFO - Setting next_dagrun for containers1_dag to 2024-03-01 00:00:00+00:00, run_after=2024-03-02 00:00:00+00:00
[2025-03-26T12:35:19.683+0000] {processor.py:208} INFO - Processing /opt/airflow/dags/containers1_dag.py took 1.060 seconds
[2025-03-26T12:35:49.990+0000] {processor.py:186} INFO - Started process (PID=187) to work on /opt/airflow/dags/containers1_dag.py
[2025-03-26T12:35:49.992+0000] {processor.py:914} INFO - Processing file /opt/airflow/dags/containers1_dag.py for tasks to queue
[2025-03-26T12:35:49.995+0000] {logging_mixin.py:190} INFO - [2025-03-26T12:35:49.995+0000] {dagbag.py:588} INFO - Filling up the DagBag from /opt/airflow/dags/containers1_dag.py
[2025-03-26T12:35:50.026+0000] {processor.py:925} INFO - DAG(s) 'containers1_dag' retrieved from /opt/airflow/dags/containers1_dag.py
[2025-03-26T12:35:50.102+0000] {logging_mixin.py:190} INFO - [2025-03-26T12:35:50.102+0000] {dag.py:3239} INFO - Sync 1 DAGs
[2025-03-26T12:35:50.161+0000] {logging_mixin.py:190} INFO - [2025-03-26T12:35:50.160+0000] {dag.py:4180} INFO - Setting next_dagrun for containers1_dag to 2024-03-01 00:00:00+00:00, run_after=2024-03-02 00:00:00+00:00
[2025-03-26T12:35:50.234+0000] {processor.py:208} INFO - Processing /opt/airflow/dags/containers1_dag.py took 0.280 seconds
[2025-03-26T12:44:33.172+0000] {processor.py:186} INFO - Started process (PID=164) to work on /opt/airflow/dags/containers1_dag.py
[2025-03-26T12:44:33.173+0000] {processor.py:914} INFO - Processing file /opt/airflow/dags/containers1_dag.py for tasks to queue
[2025-03-26T12:44:33.179+0000] {logging_mixin.py:190} INFO - [2025-03-26T12:44:33.178+0000] {dagbag.py:588} INFO - Filling up the DagBag from /opt/airflow/dags/containers1_dag.py
[2025-03-26T12:44:33.239+0000] {processor.py:925} INFO - DAG(s) 'containers1_dag' retrieved from /opt/airflow/dags/containers1_dag.py
[2025-03-26T12:44:33.773+0000] {logging_mixin.py:190} INFO - [2025-03-26T12:44:33.772+0000] {override.py:1912} INFO - Created Permission View: can edit on DAG:containers1_dag
[2025-03-26T12:44:33.796+0000] {logging_mixin.py:190} INFO - [2025-03-26T12:44:33.795+0000] {override.py:1912} INFO - Created Permission View: can delete on DAG:containers1_dag
[2025-03-26T12:44:33.812+0000] {logging_mixin.py:190} INFO - [2025-03-26T12:44:33.811+0000] {override.py:1912} INFO - Created Permission View: can read on DAG:containers1_dag
[2025-03-26T12:44:33.831+0000] {logging_mixin.py:190} INFO - [2025-03-26T12:44:33.830+0000] {override.py:1912} INFO - Created Permission View: can delete on DAG Run:containers1_dag
[2025-03-26T12:44:33.845+0000] {logging_mixin.py:190} INFO - [2025-03-26T12:44:33.844+0000] {override.py:1912} INFO - Created Permission View: can read on DAG Run:containers1_dag
[2025-03-26T12:44:33.860+0000] {logging_mixin.py:190} INFO - [2025-03-26T12:44:33.860+0000] {override.py:1912} INFO - Created Permission View: can create on DAG Run:containers1_dag
[2025-03-26T12:44:33.877+0000] {logging_mixin.py:190} INFO - [2025-03-26T12:44:33.876+0000] {override.py:1912} INFO - Created Permission View: menu access on DAG Run:containers1_dag
[2025-03-26T12:44:33.878+0000] {logging_mixin.py:190} INFO - [2025-03-26T12:44:33.878+0000] {dag.py:3239} INFO - Sync 1 DAGs
[2025-03-26T12:44:33.903+0000] {logging_mixin.py:190} INFO - [2025-03-26T12:44:33.903+0000] {dag.py:3262} INFO - Creating ORM DAG for containers1_dag
[2025-03-26T12:44:33.922+0000] {logging_mixin.py:190} INFO - [2025-03-26T12:44:33.922+0000] {dag.py:4180} INFO - Setting next_dagrun for containers1_dag to 2024-03-01 00:00:00+00:00, run_after=2024-03-02 00:00:00+00:00
[2025-03-26T12:44:33.953+0000] {processor.py:208} INFO - Processing /opt/airflow/dags/containers1_dag.py took 0.790 seconds
[2025-03-26T12:45:04.176+0000] {processor.py:186} INFO - Started process (PID=180) to work on /opt/airflow/dags/containers1_dag.py
[2025-03-26T12:45:04.177+0000] {processor.py:914} INFO - Processing file /opt/airflow/dags/containers1_dag.py for tasks to queue
[2025-03-26T12:45:04.180+0000] {logging_mixin.py:190} INFO - [2025-03-26T12:45:04.180+0000] {dagbag.py:588} INFO - Filling up the DagBag from /opt/airflow/dags/containers1_dag.py
[2025-03-26T12:45:04.193+0000] {processor.py:925} INFO - DAG(s) 'containers1_dag' retrieved from /opt/airflow/dags/containers1_dag.py
[2025-03-26T12:45:04.226+0000] {logging_mixin.py:190} INFO - [2025-03-26T12:45:04.226+0000] {dag.py:3239} INFO - Sync 1 DAGs
[2025-03-26T12:45:04.260+0000] {logging_mixin.py:190} INFO - [2025-03-26T12:45:04.260+0000] {dag.py:4180} INFO - Setting next_dagrun for containers1_dag to 2024-03-01 00:00:00+00:00, run_after=2024-03-02 00:00:00+00:00
[2025-03-26T12:45:04.289+0000] {processor.py:208} INFO - Processing /opt/airflow/dags/containers1_dag.py took 0.126 seconds
[2025-03-26T12:45:34.623+0000] {processor.py:186} INFO - Started process (PID=196) to work on /opt/airflow/dags/containers1_dag.py
[2025-03-26T12:45:34.627+0000] {processor.py:914} INFO - Processing file /opt/airflow/dags/containers1_dag.py for tasks to queue
[2025-03-26T12:45:34.630+0000] {logging_mixin.py:190} INFO - [2025-03-26T12:45:34.630+0000] {dagbag.py:588} INFO - Filling up the DagBag from /opt/airflow/dags/containers1_dag.py
[2025-03-26T12:45:34.643+0000] {processor.py:925} INFO - DAG(s) 'containers1_dag' retrieved from /opt/airflow/dags/containers1_dag.py
[2025-03-26T12:45:34.680+0000] {logging_mixin.py:190} INFO - [2025-03-26T12:45:34.680+0000] {dag.py:3239} INFO - Sync 1 DAGs
[2025-03-26T12:45:34.716+0000] {logging_mixin.py:190} INFO - [2025-03-26T12:45:34.716+0000] {dag.py:4180} INFO - Setting next_dagrun for containers1_dag to 2024-03-01 00:00:00+00:00, run_after=2024-03-02 00:00:00+00:00
[2025-03-26T12:45:34.747+0000] {processor.py:208} INFO - Processing /opt/airflow/dags/containers1_dag.py took 0.137 seconds
[2025-03-26T12:46:05.082+0000] {processor.py:186} INFO - Started process (PID=218) to work on /opt/airflow/dags/containers1_dag.py
[2025-03-26T12:46:05.083+0000] {processor.py:914} INFO - Processing file /opt/airflow/dags/containers1_dag.py for tasks to queue
[2025-03-26T12:46:05.086+0000] {logging_mixin.py:190} INFO - [2025-03-26T12:46:05.086+0000] {dagbag.py:588} INFO - Filling up the DagBag from /opt/airflow/dags/containers1_dag.py
[2025-03-26T12:46:05.099+0000] {processor.py:925} INFO - DAG(s) 'containers1_dag' retrieved from /opt/airflow/dags/containers1_dag.py
[2025-03-26T12:46:05.139+0000] {logging_mixin.py:190} INFO - [2025-03-26T12:46:05.138+0000] {dag.py:3239} INFO - Sync 1 DAGs
[2025-03-26T12:46:05.177+0000] {logging_mixin.py:190} INFO - [2025-03-26T12:46:05.177+0000] {dag.py:4180} INFO - Setting next_dagrun for containers1_dag to 2024-03-01 00:00:00+00:00, run_after=2024-03-02 00:00:00+00:00
[2025-03-26T12:46:05.208+0000] {processor.py:208} INFO - Processing /opt/airflow/dags/containers1_dag.py took 0.134 seconds
[2025-03-26T12:46:35.540+0000] {processor.py:186} INFO - Started process (PID=234) to work on /opt/airflow/dags/containers1_dag.py
[2025-03-26T12:46:35.541+0000] {processor.py:914} INFO - Processing file /opt/airflow/dags/containers1_dag.py for tasks to queue
[2025-03-26T12:46:35.544+0000] {logging_mixin.py:190} INFO - [2025-03-26T12:46:35.544+0000] {dagbag.py:588} INFO - Filling up the DagBag from /opt/airflow/dags/containers1_dag.py
[2025-03-26T12:46:35.560+0000] {processor.py:925} INFO - DAG(s) 'containers1_dag' retrieved from /opt/airflow/dags/containers1_dag.py
[2025-03-26T12:46:35.597+0000] {logging_mixin.py:190} INFO - [2025-03-26T12:46:35.597+0000] {dag.py:3239} INFO - Sync 1 DAGs
[2025-03-26T12:46:35.631+0000] {logging_mixin.py:190} INFO - [2025-03-26T12:46:35.631+0000] {dag.py:4180} INFO - Setting next_dagrun for containers1_dag to 2024-03-01 00:00:00+00:00, run_after=2024-03-02 00:00:00+00:00
[2025-03-26T12:46:35.660+0000] {processor.py:208} INFO - Processing /opt/airflow/dags/containers1_dag.py took 0.132 seconds
[2025-03-26T12:47:06.017+0000] {processor.py:186} INFO - Started process (PID=250) to work on /opt/airflow/dags/containers1_dag.py
[2025-03-26T12:47:06.021+0000] {processor.py:914} INFO - Processing file /opt/airflow/dags/containers1_dag.py for tasks to queue
[2025-03-26T12:47:06.025+0000] {logging_mixin.py:190} INFO - [2025-03-26T12:47:06.025+0000] {dagbag.py:588} INFO - Filling up the DagBag from /opt/airflow/dags/containers1_dag.py
[2025-03-26T12:47:06.039+0000] {processor.py:925} INFO - DAG(s) 'containers1_dag' retrieved from /opt/airflow/dags/containers1_dag.py
[2025-03-26T12:47:06.075+0000] {logging_mixin.py:190} INFO - [2025-03-26T12:47:06.075+0000] {dag.py:3239} INFO - Sync 1 DAGs
[2025-03-26T12:47:06.112+0000] {logging_mixin.py:190} INFO - [2025-03-26T12:47:06.112+0000] {dag.py:4180} INFO - Setting next_dagrun for containers1_dag to 2024-03-01 00:00:00+00:00, run_after=2024-03-02 00:00:00+00:00
[2025-03-26T12:47:06.143+0000] {processor.py:208} INFO - Processing /opt/airflow/dags/containers1_dag.py took 0.138 seconds
[2025-03-26T12:47:36.481+0000] {processor.py:186} INFO - Started process (PID=266) to work on /opt/airflow/dags/containers1_dag.py
[2025-03-26T12:47:36.485+0000] {processor.py:914} INFO - Processing file /opt/airflow/dags/containers1_dag.py for tasks to queue
[2025-03-26T12:47:36.488+0000] {logging_mixin.py:190} INFO - [2025-03-26T12:47:36.487+0000] {dagbag.py:588} INFO - Filling up the DagBag from /opt/airflow/dags/containers1_dag.py
[2025-03-26T12:47:36.503+0000] {processor.py:925} INFO - DAG(s) 'containers1_dag' retrieved from /opt/airflow/dags/containers1_dag.py
[2025-03-26T12:47:36.539+0000] {logging_mixin.py:190} INFO - [2025-03-26T12:47:36.539+0000] {dag.py:3239} INFO - Sync 1 DAGs
[2025-03-26T12:47:36.580+0000] {logging_mixin.py:190} INFO - [2025-03-26T12:47:36.580+0000] {dag.py:4180} INFO - Setting next_dagrun for containers1_dag to 2024-03-01 00:00:00+00:00, run_after=2024-03-02 00:00:00+00:00
[2025-03-26T12:47:36.608+0000] {processor.py:208} INFO - Processing /opt/airflow/dags/containers1_dag.py took 0.137 seconds
[2025-03-26T12:48:06.956+0000] {processor.py:186} INFO - Started process (PID=282) to work on /opt/airflow/dags/containers1_dag.py
[2025-03-26T12:48:06.957+0000] {processor.py:914} INFO - Processing file /opt/airflow/dags/containers1_dag.py for tasks to queue
[2025-03-26T12:48:06.960+0000] {logging_mixin.py:190} INFO - [2025-03-26T12:48:06.960+0000] {dagbag.py:588} INFO - Filling up the DagBag from /opt/airflow/dags/containers1_dag.py
[2025-03-26T12:48:06.974+0000] {processor.py:925} INFO - DAG(s) 'containers1_dag' retrieved from /opt/airflow/dags/containers1_dag.py
[2025-03-26T12:48:07.009+0000] {logging_mixin.py:190} INFO - [2025-03-26T12:48:07.009+0000] {dag.py:3239} INFO - Sync 1 DAGs
[2025-03-26T12:48:07.047+0000] {logging_mixin.py:190} INFO - [2025-03-26T12:48:07.047+0000] {dag.py:4180} INFO - Setting next_dagrun for containers1_dag to 2024-03-01 00:00:00+00:00, run_after=2024-03-02 00:00:00+00:00
[2025-03-26T12:48:07.079+0000] {processor.py:208} INFO - Processing /opt/airflow/dags/containers1_dag.py took 0.132 seconds
[2025-03-26T12:48:37.433+0000] {processor.py:186} INFO - Started process (PID=298) to work on /opt/airflow/dags/containers1_dag.py
[2025-03-26T12:48:37.435+0000] {processor.py:914} INFO - Processing file /opt/airflow/dags/containers1_dag.py for tasks to queue
[2025-03-26T12:48:37.439+0000] {logging_mixin.py:190} INFO - [2025-03-26T12:48:37.439+0000] {dagbag.py:588} INFO - Filling up the DagBag from /opt/airflow/dags/containers1_dag.py
[2025-03-26T12:48:37.457+0000] {processor.py:925} INFO - DAG(s) 'containers1_dag' retrieved from /opt/airflow/dags/containers1_dag.py
[2025-03-26T12:48:37.509+0000] {logging_mixin.py:190} INFO - [2025-03-26T12:48:37.509+0000] {dag.py:3239} INFO - Sync 1 DAGs
[2025-03-26T12:48:37.567+0000] {logging_mixin.py:190} INFO - [2025-03-26T12:48:37.567+0000] {dag.py:4180} INFO - Setting next_dagrun for containers1_dag to 2024-03-01 00:00:00+00:00, run_after=2024-03-02 00:00:00+00:00
[2025-03-26T12:48:37.605+0000] {processor.py:208} INFO - Processing /opt/airflow/dags/containers1_dag.py took 0.183 seconds
[2025-03-26T12:49:07.960+0000] {processor.py:186} INFO - Started process (PID=314) to work on /opt/airflow/dags/containers1_dag.py
[2025-03-26T12:49:07.964+0000] {processor.py:914} INFO - Processing file /opt/airflow/dags/containers1_dag.py for tasks to queue
[2025-03-26T12:49:07.967+0000] {logging_mixin.py:190} INFO - [2025-03-26T12:49:07.966+0000] {dagbag.py:588} INFO - Filling up the DagBag from /opt/airflow/dags/containers1_dag.py
[2025-03-26T12:49:07.978+0000] {processor.py:925} INFO - DAG(s) 'containers1_dag' retrieved from /opt/airflow/dags/containers1_dag.py
[2025-03-26T12:49:08.018+0000] {logging_mixin.py:190} INFO - [2025-03-26T12:49:08.018+0000] {dag.py:3239} INFO - Sync 1 DAGs
[2025-03-26T12:49:08.070+0000] {logging_mixin.py:190} INFO - [2025-03-26T12:49:08.069+0000] {dag.py:4180} INFO - Setting next_dagrun for containers1_dag to 2024-03-01 00:00:00+00:00, run_after=2024-03-02 00:00:00+00:00
[2025-03-26T12:49:08.129+0000] {processor.py:208} INFO - Processing /opt/airflow/dags/containers1_dag.py took 0.180 seconds
[2025-03-26T12:49:38.510+0000] {processor.py:186} INFO - Started process (PID=330) to work on /opt/airflow/dags/containers1_dag.py
[2025-03-26T12:49:38.511+0000] {processor.py:914} INFO - Processing file /opt/airflow/dags/containers1_dag.py for tasks to queue
[2025-03-26T12:49:38.517+0000] {logging_mixin.py:190} INFO - [2025-03-26T12:49:38.516+0000] {dagbag.py:588} INFO - Filling up the DagBag from /opt/airflow/dags/containers1_dag.py
[2025-03-26T12:49:38.534+0000] {processor.py:925} INFO - DAG(s) 'containers1_dag' retrieved from /opt/airflow/dags/containers1_dag.py
[2025-03-26T12:49:38.572+0000] {logging_mixin.py:190} INFO - [2025-03-26T12:49:38.572+0000] {dag.py:3239} INFO - Sync 1 DAGs
[2025-03-26T12:49:38.611+0000] {logging_mixin.py:190} INFO - [2025-03-26T12:49:38.611+0000] {dag.py:4180} INFO - Setting next_dagrun for containers1_dag to 2024-03-01 00:00:00+00:00, run_after=2024-03-02 00:00:00+00:00
[2025-03-26T12:49:38.637+0000] {processor.py:208} INFO - Processing /opt/airflow/dags/containers1_dag.py took 0.139 seconds
[2025-03-26T12:50:08.853+0000] {processor.py:186} INFO - Started process (PID=347) to work on /opt/airflow/dags/containers1_dag.py
[2025-03-26T12:50:08.854+0000] {processor.py:914} INFO - Processing file /opt/airflow/dags/containers1_dag.py for tasks to queue
[2025-03-26T12:50:08.856+0000] {logging_mixin.py:190} INFO - [2025-03-26T12:50:08.856+0000] {dagbag.py:588} INFO - Filling up the DagBag from /opt/airflow/dags/containers1_dag.py
[2025-03-26T12:50:08.868+0000] {processor.py:925} INFO - DAG(s) 'containers1_dag' retrieved from /opt/airflow/dags/containers1_dag.py
[2025-03-26T12:50:08.908+0000] {logging_mixin.py:190} INFO - [2025-03-26T12:50:08.907+0000] {dag.py:3239} INFO - Sync 1 DAGs
[2025-03-26T12:50:08.953+0000] {logging_mixin.py:190} INFO - [2025-03-26T12:50:08.953+0000] {dag.py:4180} INFO - Setting next_dagrun for containers1_dag to 2024-03-01 00:00:00+00:00, run_after=2024-03-02 00:00:00+00:00
[2025-03-26T12:50:08.981+0000] {processor.py:208} INFO - Processing /opt/airflow/dags/containers1_dag.py took 0.139 seconds
[2025-03-26T12:50:39.283+0000] {processor.py:186} INFO - Started process (PID=363) to work on /opt/airflow/dags/containers1_dag.py
[2025-03-26T12:50:39.287+0000] {processor.py:914} INFO - Processing file /opt/airflow/dags/containers1_dag.py for tasks to queue
[2025-03-26T12:50:39.290+0000] {logging_mixin.py:190} INFO - [2025-03-26T12:50:39.289+0000] {dagbag.py:588} INFO - Filling up the DagBag from /opt/airflow/dags/containers1_dag.py
[2025-03-26T12:50:39.305+0000] {processor.py:925} INFO - DAG(s) 'containers1_dag' retrieved from /opt/airflow/dags/containers1_dag.py
[2025-03-26T12:50:39.338+0000] {logging_mixin.py:190} INFO - [2025-03-26T12:50:39.337+0000] {dag.py:3239} INFO - Sync 1 DAGs
[2025-03-26T12:50:39.372+0000] {logging_mixin.py:190} INFO - [2025-03-26T12:50:39.372+0000] {dag.py:4180} INFO - Setting next_dagrun for containers1_dag to 2024-03-01 00:00:00+00:00, run_after=2024-03-02 00:00:00+00:00
[2025-03-26T12:50:39.407+0000] {processor.py:208} INFO - Processing /opt/airflow/dags/containers1_dag.py took 0.138 seconds
[2025-03-26T12:51:09.735+0000] {processor.py:186} INFO - Started process (PID=379) to work on /opt/airflow/dags/containers1_dag.py
[2025-03-26T12:51:09.736+0000] {processor.py:914} INFO - Processing file /opt/airflow/dags/containers1_dag.py for tasks to queue
[2025-03-26T12:51:09.739+0000] {logging_mixin.py:190} INFO - [2025-03-26T12:51:09.739+0000] {dagbag.py:588} INFO - Filling up the DagBag from /opt/airflow/dags/containers1_dag.py
[2025-03-26T12:51:09.751+0000] {processor.py:925} INFO - DAG(s) 'containers1_dag' retrieved from /opt/airflow/dags/containers1_dag.py
[2025-03-26T12:51:09.792+0000] {logging_mixin.py:190} INFO - [2025-03-26T12:51:09.791+0000] {dag.py:3239} INFO - Sync 1 DAGs
[2025-03-26T12:51:09.827+0000] {logging_mixin.py:190} INFO - [2025-03-26T12:51:09.827+0000] {dag.py:4180} INFO - Setting next_dagrun for containers1_dag to 2024-03-01 00:00:00+00:00, run_after=2024-03-02 00:00:00+00:00
[2025-03-26T12:51:09.867+0000] {processor.py:208} INFO - Processing /opt/airflow/dags/containers1_dag.py took 0.143 seconds
[2025-03-26T12:51:40.060+0000] {processor.py:186} INFO - Started process (PID=394) to work on /opt/airflow/dags/containers1_dag.py
[2025-03-26T12:51:40.061+0000] {processor.py:914} INFO - Processing file /opt/airflow/dags/containers1_dag.py for tasks to queue
[2025-03-26T12:51:40.065+0000] {logging_mixin.py:190} INFO - [2025-03-26T12:51:40.064+0000] {dagbag.py:588} INFO - Filling up the DagBag from /opt/airflow/dags/containers1_dag.py
[2025-03-26T12:51:40.081+0000] {processor.py:925} INFO - DAG(s) 'containers1_dag' retrieved from /opt/airflow/dags/containers1_dag.py
[2025-03-26T12:51:40.121+0000] {logging_mixin.py:190} INFO - [2025-03-26T12:51:40.120+0000] {dag.py:3239} INFO - Sync 1 DAGs
[2025-03-26T12:51:40.157+0000] {logging_mixin.py:190} INFO - [2025-03-26T12:51:40.157+0000] {dag.py:4180} INFO - Setting next_dagrun for containers1_dag to 2024-03-01 00:00:00+00:00, run_after=2024-03-02 00:00:00+00:00
[2025-03-26T12:51:40.186+0000] {processor.py:208} INFO - Processing /opt/airflow/dags/containers1_dag.py took 0.138 seconds
[2025-03-26T12:52:10.524+0000] {processor.py:186} INFO - Started process (PID=410) to work on /opt/airflow/dags/containers1_dag.py
[2025-03-26T12:52:10.526+0000] {processor.py:914} INFO - Processing file /opt/airflow/dags/containers1_dag.py for tasks to queue
[2025-03-26T12:52:10.529+0000] {logging_mixin.py:190} INFO - [2025-03-26T12:52:10.529+0000] {dagbag.py:588} INFO - Filling up the DagBag from /opt/airflow/dags/containers1_dag.py
[2025-03-26T12:52:10.549+0000] {processor.py:925} INFO - DAG(s) 'containers1_dag' retrieved from /opt/airflow/dags/containers1_dag.py
[2025-03-26T12:52:10.605+0000] {logging_mixin.py:190} INFO - [2025-03-26T12:52:10.605+0000] {dag.py:3239} INFO - Sync 1 DAGs
[2025-03-26T12:52:10.658+0000] {logging_mixin.py:190} INFO - [2025-03-26T12:52:10.658+0000] {dag.py:4180} INFO - Setting next_dagrun for containers1_dag to 2024-03-01 00:00:00+00:00, run_after=2024-03-02 00:00:00+00:00
[2025-03-26T12:52:10.720+0000] {processor.py:208} INFO - Processing /opt/airflow/dags/containers1_dag.py took 0.206 seconds
[2025-03-26T12:52:41.054+0000] {processor.py:186} INFO - Started process (PID=426) to work on /opt/airflow/dags/containers1_dag.py
[2025-03-26T12:52:41.058+0000] {processor.py:914} INFO - Processing file /opt/airflow/dags/containers1_dag.py for tasks to queue
[2025-03-26T12:52:41.061+0000] {logging_mixin.py:190} INFO - [2025-03-26T12:52:41.061+0000] {dagbag.py:588} INFO - Filling up the DagBag from /opt/airflow/dags/containers1_dag.py
[2025-03-26T12:52:41.080+0000] {processor.py:925} INFO - DAG(s) 'containers1_dag' retrieved from /opt/airflow/dags/containers1_dag.py
[2025-03-26T12:52:41.132+0000] {logging_mixin.py:190} INFO - [2025-03-26T12:52:41.131+0000] {dag.py:3239} INFO - Sync 1 DAGs
[2025-03-26T12:52:41.213+0000] {logging_mixin.py:190} INFO - [2025-03-26T12:52:41.212+0000] {dag.py:4180} INFO - Setting next_dagrun for containers1_dag to 2024-03-01 00:00:00+00:00, run_after=2024-03-02 00:00:00+00:00
[2025-03-26T12:52:41.264+0000] {processor.py:208} INFO - Processing /opt/airflow/dags/containers1_dag.py took 0.222 seconds
[2025-03-26T12:53:11.615+0000] {processor.py:186} INFO - Started process (PID=442) to work on /opt/airflow/dags/containers1_dag.py
[2025-03-26T12:53:11.616+0000] {processor.py:914} INFO - Processing file /opt/airflow/dags/containers1_dag.py for tasks to queue
[2025-03-26T12:53:11.621+0000] {logging_mixin.py:190} INFO - [2025-03-26T12:53:11.620+0000] {dagbag.py:588} INFO - Filling up the DagBag from /opt/airflow/dags/containers1_dag.py
[2025-03-26T12:53:11.639+0000] {processor.py:925} INFO - DAG(s) 'containers1_dag' retrieved from /opt/airflow/dags/containers1_dag.py
[2025-03-26T12:53:11.689+0000] {logging_mixin.py:190} INFO - [2025-03-26T12:53:11.688+0000] {dag.py:3239} INFO - Sync 1 DAGs
[2025-03-26T12:53:11.743+0000] {logging_mixin.py:190} INFO - [2025-03-26T12:53:11.743+0000] {dag.py:4180} INFO - Setting next_dagrun for containers1_dag to 2024-03-01 00:00:00+00:00, run_after=2024-03-02 00:00:00+00:00
[2025-03-26T12:53:11.780+0000] {processor.py:208} INFO - Processing /opt/airflow/dags/containers1_dag.py took 0.177 seconds
[2025-03-26T12:53:42.145+0000] {processor.py:186} INFO - Started process (PID=458) to work on /opt/airflow/dags/containers1_dag.py
[2025-03-26T12:53:42.149+0000] {processor.py:914} INFO - Processing file /opt/airflow/dags/containers1_dag.py for tasks to queue
[2025-03-26T12:53:42.153+0000] {logging_mixin.py:190} INFO - [2025-03-26T12:53:42.153+0000] {dagbag.py:588} INFO - Filling up the DagBag from /opt/airflow/dags/containers1_dag.py
[2025-03-26T12:53:42.167+0000] {processor.py:925} INFO - DAG(s) 'containers1_dag' retrieved from /opt/airflow/dags/containers1_dag.py
[2025-03-26T12:53:42.199+0000] {logging_mixin.py:190} INFO - [2025-03-26T12:53:42.199+0000] {dag.py:3239} INFO - Sync 1 DAGs
[2025-03-26T12:53:42.231+0000] {logging_mixin.py:190} INFO - [2025-03-26T12:53:42.231+0000] {dag.py:4180} INFO - Setting next_dagrun for containers1_dag to 2024-03-01 00:00:00+00:00, run_after=2024-03-02 00:00:00+00:00
[2025-03-26T12:53:42.282+0000] {processor.py:208} INFO - Processing /opt/airflow/dags/containers1_dag.py took 0.150 seconds
[2025-03-26T12:54:12.640+0000] {processor.py:186} INFO - Started process (PID=474) to work on /opt/airflow/dags/containers1_dag.py
[2025-03-26T12:54:12.641+0000] {processor.py:914} INFO - Processing file /opt/airflow/dags/containers1_dag.py for tasks to queue
[2025-03-26T12:54:12.644+0000] {logging_mixin.py:190} INFO - [2025-03-26T12:54:12.644+0000] {dagbag.py:588} INFO - Filling up the DagBag from /opt/airflow/dags/containers1_dag.py
[2025-03-26T12:54:12.658+0000] {processor.py:925} INFO - DAG(s) 'containers1_dag' retrieved from /opt/airflow/dags/containers1_dag.py
[2025-03-26T12:54:12.696+0000] {logging_mixin.py:190} INFO - [2025-03-26T12:54:12.695+0000] {dag.py:3239} INFO - Sync 1 DAGs
[2025-03-26T12:54:12.735+0000] {logging_mixin.py:190} INFO - [2025-03-26T12:54:12.735+0000] {dag.py:4180} INFO - Setting next_dagrun for containers1_dag to 2024-03-01 00:00:00+00:00, run_after=2024-03-02 00:00:00+00:00
[2025-03-26T12:54:12.779+0000] {processor.py:208} INFO - Processing /opt/airflow/dags/containers1_dag.py took 0.151 seconds
[2025-03-26T12:54:43.136+0000] {processor.py:186} INFO - Started process (PID=490) to work on /opt/airflow/dags/containers1_dag.py
[2025-03-26T12:54:43.141+0000] {processor.py:914} INFO - Processing file /opt/airflow/dags/containers1_dag.py for tasks to queue
[2025-03-26T12:54:43.147+0000] {logging_mixin.py:190} INFO - [2025-03-26T12:54:43.147+0000] {dagbag.py:588} INFO - Filling up the DagBag from /opt/airflow/dags/containers1_dag.py
[2025-03-26T12:54:43.161+0000] {processor.py:925} INFO - DAG(s) 'containers1_dag' retrieved from /opt/airflow/dags/containers1_dag.py
[2025-03-26T12:54:43.193+0000] {logging_mixin.py:190} INFO - [2025-03-26T12:54:43.193+0000] {dag.py:3239} INFO - Sync 1 DAGs
[2025-03-26T12:54:43.227+0000] {logging_mixin.py:190} INFO - [2025-03-26T12:54:43.227+0000] {dag.py:4180} INFO - Setting next_dagrun for containers1_dag to 2024-03-01 00:00:00+00:00, run_after=2024-03-02 00:00:00+00:00
[2025-03-26T12:54:43.255+0000] {processor.py:208} INFO - Processing /opt/airflow/dags/containers1_dag.py took 0.130 seconds
[2025-03-26T12:55:13.479+0000] {processor.py:186} INFO - Started process (PID=506) to work on /opt/airflow/dags/containers1_dag.py
[2025-03-26T12:55:13.480+0000] {processor.py:914} INFO - Processing file /opt/airflow/dags/containers1_dag.py for tasks to queue
[2025-03-26T12:55:13.483+0000] {logging_mixin.py:190} INFO - [2025-03-26T12:55:13.483+0000] {dagbag.py:588} INFO - Filling up the DagBag from /opt/airflow/dags/containers1_dag.py
[2025-03-26T12:55:13.495+0000] {processor.py:925} INFO - DAG(s) 'containers1_dag' retrieved from /opt/airflow/dags/containers1_dag.py
[2025-03-26T12:55:13.529+0000] {logging_mixin.py:190} INFO - [2025-03-26T12:55:13.529+0000] {dag.py:3239} INFO - Sync 1 DAGs
[2025-03-26T12:55:13.565+0000] {logging_mixin.py:190} INFO - [2025-03-26T12:55:13.565+0000] {dag.py:4180} INFO - Setting next_dagrun for containers1_dag to 2024-03-01 00:00:00+00:00, run_after=2024-03-02 00:00:00+00:00
[2025-03-26T12:55:13.592+0000] {processor.py:208} INFO - Processing /opt/airflow/dags/containers1_dag.py took 0.124 seconds
[2025-03-26T12:55:43.866+0000] {processor.py:186} INFO - Started process (PID=522) to work on /opt/airflow/dags/containers1_dag.py
[2025-03-26T12:55:43.871+0000] {processor.py:914} INFO - Processing file /opt/airflow/dags/containers1_dag.py for tasks to queue
[2025-03-26T12:55:43.875+0000] {logging_mixin.py:190} INFO - [2025-03-26T12:55:43.875+0000] {dagbag.py:588} INFO - Filling up the DagBag from /opt/airflow/dags/containers1_dag.py
[2025-03-26T12:55:43.888+0000] {processor.py:925} INFO - DAG(s) 'containers1_dag' retrieved from /opt/airflow/dags/containers1_dag.py
[2025-03-26T12:55:43.920+0000] {logging_mixin.py:190} INFO - [2025-03-26T12:55:43.920+0000] {dag.py:3239} INFO - Sync 1 DAGs
[2025-03-26T12:55:43.953+0000] {logging_mixin.py:190} INFO - [2025-03-26T12:55:43.952+0000] {dag.py:4180} INFO - Setting next_dagrun for containers1_dag to 2024-03-01 00:00:00+00:00, run_after=2024-03-02 00:00:00+00:00
[2025-03-26T12:55:43.980+0000] {processor.py:208} INFO - Processing /opt/airflow/dags/containers1_dag.py took 0.124 seconds
[2025-03-26T12:56:14.211+0000] {processor.py:186} INFO - Started process (PID=539) to work on /opt/airflow/dags/containers1_dag.py
[2025-03-26T12:56:14.213+0000] {processor.py:914} INFO - Processing file /opt/airflow/dags/containers1_dag.py for tasks to queue
[2025-03-26T12:56:14.221+0000] {logging_mixin.py:190} INFO - [2025-03-26T12:56:14.220+0000] {dagbag.py:588} INFO - Filling up the DagBag from /opt/airflow/dags/containers1_dag.py
[2025-03-26T12:56:14.270+0000] {processor.py:925} INFO - DAG(s) 'containers1_dag' retrieved from /opt/airflow/dags/containers1_dag.py
[2025-03-26T12:56:14.333+0000] {logging_mixin.py:190} INFO - [2025-03-26T12:56:14.333+0000] {dag.py:3239} INFO - Sync 1 DAGs
[2025-03-26T12:56:14.399+0000] {logging_mixin.py:190} INFO - [2025-03-26T12:56:14.398+0000] {dag.py:4180} INFO - Setting next_dagrun for containers1_dag to 2024-03-01 00:00:00+00:00, run_after=2024-03-02 00:00:00+00:00
[2025-03-26T12:56:14.459+0000] {processor.py:208} INFO - Processing /opt/airflow/dags/containers1_dag.py took 0.269 seconds
[2025-03-26T12:56:44.586+0000] {processor.py:186} INFO - Started process (PID=555) to work on /opt/airflow/dags/containers1_dag.py
[2025-03-26T12:56:44.595+0000] {processor.py:914} INFO - Processing file /opt/airflow/dags/containers1_dag.py for tasks to queue
[2025-03-26T12:56:44.603+0000] {logging_mixin.py:190} INFO - [2025-03-26T12:56:44.602+0000] {dagbag.py:588} INFO - Filling up the DagBag from /opt/airflow/dags/containers1_dag.py
[2025-03-26T12:56:44.629+0000] {processor.py:925} INFO - DAG(s) 'containers1_dag' retrieved from /opt/airflow/dags/containers1_dag.py
[2025-03-26T12:56:44.692+0000] {logging_mixin.py:190} INFO - [2025-03-26T12:56:44.692+0000] {dag.py:3239} INFO - Sync 1 DAGs
[2025-03-26T12:56:44.759+0000] {logging_mixin.py:190} INFO - [2025-03-26T12:56:44.758+0000] {dag.py:4180} INFO - Setting next_dagrun for containers1_dag to 2024-03-01 00:00:00+00:00, run_after=2024-03-02 00:00:00+00:00
[2025-03-26T12:56:45.012+0000] {processor.py:208} INFO - Processing /opt/airflow/dags/containers1_dag.py took 0.438 seconds
[2025-03-26T12:57:15.256+0000] {processor.py:186} INFO - Started process (PID=577) to work on /opt/airflow/dags/containers1_dag.py
[2025-03-26T12:57:15.257+0000] {processor.py:914} INFO - Processing file /opt/airflow/dags/containers1_dag.py for tasks to queue
[2025-03-26T12:57:15.260+0000] {logging_mixin.py:190} INFO - [2025-03-26T12:57:15.259+0000] {dagbag.py:588} INFO - Filling up the DagBag from /opt/airflow/dags/containers1_dag.py
[2025-03-26T12:57:15.274+0000] {processor.py:925} INFO - DAG(s) 'containers1_dag' retrieved from /opt/airflow/dags/containers1_dag.py
[2025-03-26T12:57:15.312+0000] {logging_mixin.py:190} INFO - [2025-03-26T12:57:15.311+0000] {dag.py:3239} INFO - Sync 1 DAGs
[2025-03-26T12:57:15.355+0000] {logging_mixin.py:190} INFO - [2025-03-26T12:57:15.355+0000] {dag.py:4180} INFO - Setting next_dagrun for containers1_dag to 2024-03-01 00:00:00+00:00, run_after=2024-03-02 00:00:00+00:00
[2025-03-26T12:57:15.395+0000] {processor.py:208} INFO - Processing /opt/airflow/dags/containers1_dag.py took 0.150 seconds
[2025-03-26T12:57:45.486+0000] {processor.py:186} INFO - Started process (PID=588) to work on /opt/airflow/dags/containers1_dag.py
[2025-03-26T12:57:45.487+0000] {processor.py:914} INFO - Processing file /opt/airflow/dags/containers1_dag.py for tasks to queue
[2025-03-26T12:57:45.491+0000] {logging_mixin.py:190} INFO - [2025-03-26T12:57:45.490+0000] {dagbag.py:588} INFO - Filling up the DagBag from /opt/airflow/dags/containers1_dag.py
[2025-03-26T12:57:45.508+0000] {processor.py:925} INFO - DAG(s) 'containers1_dag' retrieved from /opt/airflow/dags/containers1_dag.py
[2025-03-26T12:57:45.573+0000] {logging_mixin.py:190} INFO - [2025-03-26T12:57:45.572+0000] {dag.py:3239} INFO - Sync 1 DAGs
[2025-03-26T12:57:45.643+0000] {logging_mixin.py:190} INFO - [2025-03-26T12:57:45.643+0000] {dag.py:4180} INFO - Setting next_dagrun for containers1_dag to 2024-03-01 00:00:00+00:00, run_after=2024-03-02 00:00:00+00:00
[2025-03-26T12:57:45.685+0000] {processor.py:208} INFO - Processing /opt/airflow/dags/containers1_dag.py took 0.210 seconds
[2025-03-26T12:58:15.930+0000] {processor.py:186} INFO - Started process (PID=604) to work on /opt/airflow/dags/containers1_dag.py
[2025-03-26T12:58:15.932+0000] {processor.py:914} INFO - Processing file /opt/airflow/dags/containers1_dag.py for tasks to queue
[2025-03-26T12:58:15.936+0000] {logging_mixin.py:190} INFO - [2025-03-26T12:58:15.936+0000] {dagbag.py:588} INFO - Filling up the DagBag from /opt/airflow/dags/containers1_dag.py
[2025-03-26T12:58:15.954+0000] {processor.py:925} INFO - DAG(s) 'containers1_dag' retrieved from /opt/airflow/dags/containers1_dag.py
[2025-03-26T12:58:16.001+0000] {logging_mixin.py:190} INFO - [2025-03-26T12:58:16.000+0000] {dag.py:3239} INFO - Sync 1 DAGs
[2025-03-26T12:58:16.052+0000] {logging_mixin.py:190} INFO - [2025-03-26T12:58:16.052+0000] {dag.py:4180} INFO - Setting next_dagrun for containers1_dag to 2024-03-01 00:00:00+00:00, run_after=2024-03-02 00:00:00+00:00
[2025-03-26T12:58:16.088+0000] {processor.py:208} INFO - Processing /opt/airflow/dags/containers1_dag.py took 0.174 seconds
[2025-03-26T12:58:46.352+0000] {processor.py:186} INFO - Started process (PID=621) to work on /opt/airflow/dags/containers1_dag.py
[2025-03-26T12:58:46.354+0000] {processor.py:914} INFO - Processing file /opt/airflow/dags/containers1_dag.py for tasks to queue
[2025-03-26T12:58:46.359+0000] {logging_mixin.py:190} INFO - [2025-03-26T12:58:46.358+0000] {dagbag.py:588} INFO - Filling up the DagBag from /opt/airflow/dags/containers1_dag.py
[2025-03-26T12:58:46.393+0000] {processor.py:925} INFO - DAG(s) 'containers1_dag' retrieved from /opt/airflow/dags/containers1_dag.py
[2025-03-26T12:58:46.460+0000] {logging_mixin.py:190} INFO - [2025-03-26T12:58:46.459+0000] {dag.py:3239} INFO - Sync 1 DAGs
[2025-03-26T12:58:46.534+0000] {logging_mixin.py:190} INFO - [2025-03-26T12:58:46.533+0000] {dag.py:4180} INFO - Setting next_dagrun for containers1_dag to 2024-03-01 00:00:00+00:00, run_after=2024-03-02 00:00:00+00:00
[2025-03-26T12:58:46.596+0000] {processor.py:208} INFO - Processing /opt/airflow/dags/containers1_dag.py took 0.266 seconds
[2025-03-26T12:59:16.954+0000] {processor.py:186} INFO - Started process (PID=637) to work on /opt/airflow/dags/containers1_dag.py
[2025-03-26T12:59:16.955+0000] {processor.py:914} INFO - Processing file /opt/airflow/dags/containers1_dag.py for tasks to queue
[2025-03-26T12:59:16.958+0000] {logging_mixin.py:190} INFO - [2025-03-26T12:59:16.958+0000] {dagbag.py:588} INFO - Filling up the DagBag from /opt/airflow/dags/containers1_dag.py
[2025-03-26T12:59:16.971+0000] {processor.py:925} INFO - DAG(s) 'containers1_dag' retrieved from /opt/airflow/dags/containers1_dag.py
[2025-03-26T12:59:17.007+0000] {logging_mixin.py:190} INFO - [2025-03-26T12:59:17.007+0000] {dag.py:3239} INFO - Sync 1 DAGs
[2025-03-26T12:59:17.043+0000] {logging_mixin.py:190} INFO - [2025-03-26T12:59:17.043+0000] {dag.py:4180} INFO - Setting next_dagrun for containers1_dag to 2024-03-01 00:00:00+00:00, run_after=2024-03-02 00:00:00+00:00
[2025-03-26T12:59:17.071+0000] {processor.py:208} INFO - Processing /opt/airflow/dags/containers1_dag.py took 0.125 seconds
[2025-03-26T12:59:47.467+0000] {processor.py:186} INFO - Started process (PID=653) to work on /opt/airflow/dags/containers1_dag.py
[2025-03-26T12:59:47.468+0000] {processor.py:914} INFO - Processing file /opt/airflow/dags/containers1_dag.py for tasks to queue
[2025-03-26T12:59:47.473+0000] {logging_mixin.py:190} INFO - [2025-03-26T12:59:47.472+0000] {dagbag.py:588} INFO - Filling up the DagBag from /opt/airflow/dags/containers1_dag.py
[2025-03-26T12:59:47.489+0000] {processor.py:925} INFO - DAG(s) 'containers1_dag' retrieved from /opt/airflow/dags/containers1_dag.py
[2025-03-26T12:59:47.522+0000] {logging_mixin.py:190} INFO - [2025-03-26T12:59:47.522+0000] {dag.py:3239} INFO - Sync 1 DAGs
[2025-03-26T12:59:47.555+0000] {logging_mixin.py:190} INFO - [2025-03-26T12:59:47.554+0000] {dag.py:4180} INFO - Setting next_dagrun for containers1_dag to 2024-03-01 00:00:00+00:00, run_after=2024-03-02 00:00:00+00:00
[2025-03-26T12:59:47.585+0000] {processor.py:208} INFO - Processing /opt/airflow/dags/containers1_dag.py took 0.130 seconds
[2025-03-26T13:00:17.934+0000] {processor.py:186} INFO - Started process (PID=669) to work on /opt/airflow/dags/containers1_dag.py
[2025-03-26T13:00:17.936+0000] {processor.py:914} INFO - Processing file /opt/airflow/dags/containers1_dag.py for tasks to queue
[2025-03-26T13:00:17.939+0000] {logging_mixin.py:190} INFO - [2025-03-26T13:00:17.939+0000] {dagbag.py:588} INFO - Filling up the DagBag from /opt/airflow/dags/containers1_dag.py
[2025-03-26T13:00:17.952+0000] {processor.py:925} INFO - DAG(s) 'containers1_dag' retrieved from /opt/airflow/dags/containers1_dag.py
[2025-03-26T13:00:17.990+0000] {logging_mixin.py:190} INFO - [2025-03-26T13:00:17.990+0000] {dag.py:3239} INFO - Sync 1 DAGs
[2025-03-26T13:00:18.043+0000] {logging_mixin.py:190} INFO - [2025-03-26T13:00:18.043+0000] {dag.py:4180} INFO - Setting next_dagrun for containers1_dag to 2024-03-01 00:00:00+00:00, run_after=2024-03-02 00:00:00+00:00
[2025-03-26T13:00:18.081+0000] {processor.py:208} INFO - Processing /opt/airflow/dags/containers1_dag.py took 0.159 seconds
[2025-03-26T13:00:48.445+0000] {processor.py:186} INFO - Started process (PID=685) to work on /opt/airflow/dags/containers1_dag.py
[2025-03-26T13:00:48.446+0000] {processor.py:914} INFO - Processing file /opt/airflow/dags/containers1_dag.py for tasks to queue
[2025-03-26T13:00:48.450+0000] {logging_mixin.py:190} INFO - [2025-03-26T13:00:48.449+0000] {dagbag.py:588} INFO - Filling up the DagBag from /opt/airflow/dags/containers1_dag.py
[2025-03-26T13:00:48.467+0000] {processor.py:925} INFO - DAG(s) 'containers1_dag' retrieved from /opt/airflow/dags/containers1_dag.py
[2025-03-26T13:00:48.510+0000] {logging_mixin.py:190} INFO - [2025-03-26T13:00:48.510+0000] {dag.py:3239} INFO - Sync 1 DAGs
[2025-03-26T13:00:48.555+0000] {logging_mixin.py:190} INFO - [2025-03-26T13:00:48.554+0000] {dag.py:4180} INFO - Setting next_dagrun for containers1_dag to 2024-03-01 00:00:00+00:00, run_after=2024-03-02 00:00:00+00:00
[2025-03-26T13:00:48.628+0000] {processor.py:208} INFO - Processing /opt/airflow/dags/containers1_dag.py took 0.194 seconds
[2025-03-26T13:01:18.779+0000] {processor.py:186} INFO - Started process (PID=701) to work on /opt/airflow/dags/containers1_dag.py
[2025-03-26T13:01:18.780+0000] {processor.py:914} INFO - Processing file /opt/airflow/dags/containers1_dag.py for tasks to queue
[2025-03-26T13:01:18.783+0000] {logging_mixin.py:190} INFO - [2025-03-26T13:01:18.782+0000] {dagbag.py:588} INFO - Filling up the DagBag from /opt/airflow/dags/containers1_dag.py
[2025-03-26T13:01:18.795+0000] {processor.py:925} INFO - DAG(s) 'containers1_dag' retrieved from /opt/airflow/dags/containers1_dag.py
[2025-03-26T13:01:18.829+0000] {logging_mixin.py:190} INFO - [2025-03-26T13:01:18.829+0000] {dag.py:3239} INFO - Sync 1 DAGs
[2025-03-26T13:01:18.863+0000] {logging_mixin.py:190} INFO - [2025-03-26T13:01:18.863+0000] {dag.py:4180} INFO - Setting next_dagrun for containers1_dag to 2024-03-01 00:00:00+00:00, run_after=2024-03-02 00:00:00+00:00
[2025-03-26T13:01:18.892+0000] {processor.py:208} INFO - Processing /opt/airflow/dags/containers1_dag.py took 0.125 seconds
[2025-03-26T13:01:49.108+0000] {processor.py:186} INFO - Started process (PID=717) to work on /opt/airflow/dags/containers1_dag.py
[2025-03-26T13:01:49.109+0000] {processor.py:914} INFO - Processing file /opt/airflow/dags/containers1_dag.py for tasks to queue
[2025-03-26T13:01:49.111+0000] {logging_mixin.py:190} INFO - [2025-03-26T13:01:49.111+0000] {dagbag.py:588} INFO - Filling up the DagBag from /opt/airflow/dags/containers1_dag.py
[2025-03-26T13:01:49.126+0000] {processor.py:925} INFO - DAG(s) 'containers1_dag' retrieved from /opt/airflow/dags/containers1_dag.py
[2025-03-26T13:01:49.158+0000] {logging_mixin.py:190} INFO - [2025-03-26T13:01:49.158+0000] {dag.py:3239} INFO - Sync 1 DAGs
[2025-03-26T13:01:49.194+0000] {logging_mixin.py:190} INFO - [2025-03-26T13:01:49.194+0000] {dag.py:4180} INFO - Setting next_dagrun for containers1_dag to 2024-03-01 00:00:00+00:00, run_after=2024-03-02 00:00:00+00:00
[2025-03-26T13:01:49.228+0000] {processor.py:208} INFO - Processing /opt/airflow/dags/containers1_dag.py took 0.131 seconds
[2025-03-26T13:02:19.578+0000] {processor.py:186} INFO - Started process (PID=733) to work on /opt/airflow/dags/containers1_dag.py
[2025-03-26T13:02:19.579+0000] {processor.py:914} INFO - Processing file /opt/airflow/dags/containers1_dag.py for tasks to queue
[2025-03-26T13:02:19.583+0000] {logging_mixin.py:190} INFO - [2025-03-26T13:02:19.583+0000] {dagbag.py:588} INFO - Filling up the DagBag from /opt/airflow/dags/containers1_dag.py
[2025-03-26T13:02:19.596+0000] {processor.py:925} INFO - DAG(s) 'containers1_dag' retrieved from /opt/airflow/dags/containers1_dag.py
[2025-03-26T13:02:19.633+0000] {logging_mixin.py:190} INFO - [2025-03-26T13:02:19.633+0000] {dag.py:3239} INFO - Sync 1 DAGs
[2025-03-26T13:02:19.666+0000] {logging_mixin.py:190} INFO - [2025-03-26T13:02:19.666+0000] {dag.py:4180} INFO - Setting next_dagrun for containers1_dag to 2024-03-01 00:00:00+00:00, run_after=2024-03-02 00:00:00+00:00
[2025-03-26T13:02:19.695+0000] {processor.py:208} INFO - Processing /opt/airflow/dags/containers1_dag.py took 0.130 seconds
[2025-03-26T13:02:50.065+0000] {processor.py:186} INFO - Started process (PID=749) to work on /opt/airflow/dags/containers1_dag.py
[2025-03-26T13:02:50.066+0000] {processor.py:914} INFO - Processing file /opt/airflow/dags/containers1_dag.py for tasks to queue
[2025-03-26T13:02:50.070+0000] {logging_mixin.py:190} INFO - [2025-03-26T13:02:50.069+0000] {dagbag.py:588} INFO - Filling up the DagBag from /opt/airflow/dags/containers1_dag.py
[2025-03-26T13:02:50.081+0000] {processor.py:925} INFO - DAG(s) 'containers1_dag' retrieved from /opt/airflow/dags/containers1_dag.py
[2025-03-26T13:02:50.115+0000] {logging_mixin.py:190} INFO - [2025-03-26T13:02:50.115+0000] {dag.py:3239} INFO - Sync 1 DAGs
[2025-03-26T13:02:50.151+0000] {logging_mixin.py:190} INFO - [2025-03-26T13:02:50.151+0000] {dag.py:4180} INFO - Setting next_dagrun for containers1_dag to 2024-03-01 00:00:00+00:00, run_after=2024-03-02 00:00:00+00:00
[2025-03-26T13:02:50.250+0000] {processor.py:208} INFO - Processing /opt/airflow/dags/containers1_dag.py took 0.199 seconds
[2025-03-26T13:03:20.579+0000] {processor.py:186} INFO - Started process (PID=765) to work on /opt/airflow/dags/containers1_dag.py
[2025-03-26T13:03:20.581+0000] {processor.py:914} INFO - Processing file /opt/airflow/dags/containers1_dag.py for tasks to queue
[2025-03-26T13:03:20.584+0000] {logging_mixin.py:190} INFO - [2025-03-26T13:03:20.584+0000] {dagbag.py:588} INFO - Filling up the DagBag from /opt/airflow/dags/containers1_dag.py
[2025-03-26T13:03:20.596+0000] {processor.py:925} INFO - DAG(s) 'containers1_dag' retrieved from /opt/airflow/dags/containers1_dag.py
[2025-03-26T13:03:20.630+0000] {logging_mixin.py:190} INFO - [2025-03-26T13:03:20.630+0000] {dag.py:3239} INFO - Sync 1 DAGs
[2025-03-26T13:03:20.667+0000] {logging_mixin.py:190} INFO - [2025-03-26T13:03:20.667+0000] {dag.py:4180} INFO - Setting next_dagrun for containers1_dag to 2024-03-01 00:00:00+00:00, run_after=2024-03-02 00:00:00+00:00
[2025-03-26T13:03:20.714+0000] {processor.py:208} INFO - Processing /opt/airflow/dags/containers1_dag.py took 0.144 seconds
[2025-03-26T13:03:51.052+0000] {processor.py:186} INFO - Started process (PID=781) to work on /opt/airflow/dags/containers1_dag.py
[2025-03-26T13:03:51.053+0000] {processor.py:914} INFO - Processing file /opt/airflow/dags/containers1_dag.py for tasks to queue
[2025-03-26T13:03:51.056+0000] {logging_mixin.py:190} INFO - [2025-03-26T13:03:51.056+0000] {dagbag.py:588} INFO - Filling up the DagBag from /opt/airflow/dags/containers1_dag.py
[2025-03-26T13:03:51.067+0000] {processor.py:925} INFO - DAG(s) 'containers1_dag' retrieved from /opt/airflow/dags/containers1_dag.py
[2025-03-26T13:03:51.098+0000] {logging_mixin.py:190} INFO - [2025-03-26T13:03:51.098+0000] {dag.py:3239} INFO - Sync 1 DAGs
[2025-03-26T13:03:51.131+0000] {logging_mixin.py:190} INFO - [2025-03-26T13:03:51.130+0000] {dag.py:4180} INFO - Setting next_dagrun for containers1_dag to 2024-03-01 00:00:00+00:00, run_after=2024-03-02 00:00:00+00:00
[2025-03-26T13:03:51.159+0000] {processor.py:208} INFO - Processing /opt/airflow/dags/containers1_dag.py took 0.119 seconds
[2025-03-26T13:04:21.518+0000] {processor.py:186} INFO - Started process (PID=797) to work on /opt/airflow/dags/containers1_dag.py
[2025-03-26T13:04:21.519+0000] {processor.py:914} INFO - Processing file /opt/airflow/dags/containers1_dag.py for tasks to queue
[2025-03-26T13:04:21.522+0000] {logging_mixin.py:190} INFO - [2025-03-26T13:04:21.521+0000] {dagbag.py:588} INFO - Filling up the DagBag from /opt/airflow/dags/containers1_dag.py
[2025-03-26T13:04:21.533+0000] {processor.py:925} INFO - DAG(s) 'containers1_dag' retrieved from /opt/airflow/dags/containers1_dag.py
[2025-03-26T13:04:21.567+0000] {logging_mixin.py:190} INFO - [2025-03-26T13:04:21.567+0000] {dag.py:3239} INFO - Sync 1 DAGs
[2025-03-26T13:04:21.599+0000] {logging_mixin.py:190} INFO - [2025-03-26T13:04:21.599+0000] {dag.py:4180} INFO - Setting next_dagrun for containers1_dag to 2024-03-01 00:00:00+00:00, run_after=2024-03-02 00:00:00+00:00
[2025-03-26T13:04:21.626+0000] {processor.py:208} INFO - Processing /opt/airflow/dags/containers1_dag.py took 0.121 seconds
[2025-03-26T13:04:52.011+0000] {processor.py:186} INFO - Started process (PID=813) to work on /opt/airflow/dags/containers1_dag.py
[2025-03-26T13:04:52.012+0000] {processor.py:914} INFO - Processing file /opt/airflow/dags/containers1_dag.py for tasks to queue
[2025-03-26T13:04:52.015+0000] {logging_mixin.py:190} INFO - [2025-03-26T13:04:52.015+0000] {dagbag.py:588} INFO - Filling up the DagBag from /opt/airflow/dags/containers1_dag.py
[2025-03-26T13:04:52.028+0000] {processor.py:925} INFO - DAG(s) 'containers1_dag' retrieved from /opt/airflow/dags/containers1_dag.py
[2025-03-26T13:04:52.067+0000] {logging_mixin.py:190} INFO - [2025-03-26T13:04:52.066+0000] {dag.py:3239} INFO - Sync 1 DAGs
[2025-03-26T13:04:52.120+0000] {logging_mixin.py:190} INFO - [2025-03-26T13:04:52.119+0000] {dag.py:4180} INFO - Setting next_dagrun for containers1_dag to 2024-03-01 00:00:00+00:00, run_after=2024-03-02 00:00:00+00:00
[2025-03-26T13:04:52.159+0000] {processor.py:208} INFO - Processing /opt/airflow/dags/containers1_dag.py took 0.159 seconds
[2025-03-26T13:05:22.493+0000] {processor.py:186} INFO - Started process (PID=829) to work on /opt/airflow/dags/containers1_dag.py
[2025-03-26T13:05:22.497+0000] {processor.py:914} INFO - Processing file /opt/airflow/dags/containers1_dag.py for tasks to queue
[2025-03-26T13:05:22.501+0000] {logging_mixin.py:190} INFO - [2025-03-26T13:05:22.500+0000] {dagbag.py:588} INFO - Filling up the DagBag from /opt/airflow/dags/containers1_dag.py
[2025-03-26T13:05:22.519+0000] {processor.py:925} INFO - DAG(s) 'containers1_dag' retrieved from /opt/airflow/dags/containers1_dag.py
[2025-03-26T13:05:22.568+0000] {logging_mixin.py:190} INFO - [2025-03-26T13:05:22.567+0000] {dag.py:3239} INFO - Sync 1 DAGs
[2025-03-26T13:05:22.621+0000] {logging_mixin.py:190} INFO - [2025-03-26T13:05:22.620+0000] {dag.py:4180} INFO - Setting next_dagrun for containers1_dag to 2024-03-01 00:00:00+00:00, run_after=2024-03-02 00:00:00+00:00
[2025-03-26T13:05:22.657+0000] {processor.py:208} INFO - Processing /opt/airflow/dags/containers1_dag.py took 0.175 seconds
[2025-03-26T13:05:52.997+0000] {processor.py:186} INFO - Started process (PID=845) to work on /opt/airflow/dags/containers1_dag.py
[2025-03-26T13:05:52.998+0000] {processor.py:914} INFO - Processing file /opt/airflow/dags/containers1_dag.py for tasks to queue
[2025-03-26T13:05:53.002+0000] {logging_mixin.py:190} INFO - [2025-03-26T13:05:53.002+0000] {dagbag.py:588} INFO - Filling up the DagBag from /opt/airflow/dags/containers1_dag.py
[2025-03-26T13:05:53.017+0000] {processor.py:925} INFO - DAG(s) 'containers1_dag' retrieved from /opt/airflow/dags/containers1_dag.py
[2025-03-26T13:05:53.052+0000] {logging_mixin.py:190} INFO - [2025-03-26T13:05:53.052+0000] {dag.py:3239} INFO - Sync 1 DAGs
[2025-03-26T13:05:53.087+0000] {logging_mixin.py:190} INFO - [2025-03-26T13:05:53.087+0000] {dag.py:4180} INFO - Setting next_dagrun for containers1_dag to 2024-03-01 00:00:00+00:00, run_after=2024-03-02 00:00:00+00:00
[2025-03-26T13:05:53.115+0000] {processor.py:208} INFO - Processing /opt/airflow/dags/containers1_dag.py took 0.127 seconds
[2025-03-26T13:06:23.439+0000] {processor.py:186} INFO - Started process (PID=861) to work on /opt/airflow/dags/containers1_dag.py
[2025-03-26T13:06:23.440+0000] {processor.py:914} INFO - Processing file /opt/airflow/dags/containers1_dag.py for tasks to queue
[2025-03-26T13:06:23.444+0000] {logging_mixin.py:190} INFO - [2025-03-26T13:06:23.443+0000] {dagbag.py:588} INFO - Filling up the DagBag from /opt/airflow/dags/containers1_dag.py
[2025-03-26T13:06:23.455+0000] {processor.py:925} INFO - DAG(s) 'containers1_dag' retrieved from /opt/airflow/dags/containers1_dag.py
[2025-03-26T13:06:23.490+0000] {logging_mixin.py:190} INFO - [2025-03-26T13:06:23.490+0000] {dag.py:3239} INFO - Sync 1 DAGs
[2025-03-26T13:06:23.525+0000] {logging_mixin.py:190} INFO - [2025-03-26T13:06:23.525+0000] {dag.py:4180} INFO - Setting next_dagrun for containers1_dag to 2024-03-01 00:00:00+00:00, run_after=2024-03-02 00:00:00+00:00
[2025-03-26T13:06:23.556+0000] {processor.py:208} INFO - Processing /opt/airflow/dags/containers1_dag.py took 0.128 seconds
[2025-03-26T13:06:53.773+0000] {processor.py:186} INFO - Started process (PID=877) to work on /opt/airflow/dags/containers1_dag.py
[2025-03-26T13:06:53.774+0000] {processor.py:914} INFO - Processing file /opt/airflow/dags/containers1_dag.py for tasks to queue
[2025-03-26T13:06:53.776+0000] {logging_mixin.py:190} INFO - [2025-03-26T13:06:53.776+0000] {dagbag.py:588} INFO - Filling up the DagBag from /opt/airflow/dags/containers1_dag.py
[2025-03-26T13:06:53.789+0000] {processor.py:925} INFO - DAG(s) 'containers1_dag' retrieved from /opt/airflow/dags/containers1_dag.py
[2025-03-26T13:06:53.829+0000] {logging_mixin.py:190} INFO - [2025-03-26T13:06:53.828+0000] {dag.py:3239} INFO - Sync 1 DAGs
[2025-03-26T13:06:53.865+0000] {logging_mixin.py:190} INFO - [2025-03-26T13:06:53.864+0000] {dag.py:4180} INFO - Setting next_dagrun for containers1_dag to 2024-03-01 00:00:00+00:00, run_after=2024-03-02 00:00:00+00:00
[2025-03-26T13:06:53.891+0000] {processor.py:208} INFO - Processing /opt/airflow/dags/containers1_dag.py took 0.131 seconds
[2025-03-26T13:07:24.240+0000] {processor.py:186} INFO - Started process (PID=893) to work on /opt/airflow/dags/containers1_dag.py
[2025-03-26T13:07:24.248+0000] {processor.py:914} INFO - Processing file /opt/airflow/dags/containers1_dag.py for tasks to queue
[2025-03-26T13:07:24.251+0000] {logging_mixin.py:190} INFO - [2025-03-26T13:07:24.251+0000] {dagbag.py:588} INFO - Filling up the DagBag from /opt/airflow/dags/containers1_dag.py
[2025-03-26T13:07:24.265+0000] {processor.py:925} INFO - DAG(s) 'containers1_dag' retrieved from /opt/airflow/dags/containers1_dag.py
[2025-03-26T13:07:24.300+0000] {logging_mixin.py:190} INFO - [2025-03-26T13:07:24.299+0000] {dag.py:3239} INFO - Sync 1 DAGs
[2025-03-26T13:07:24.334+0000] {logging_mixin.py:190} INFO - [2025-03-26T13:07:24.334+0000] {dag.py:4180} INFO - Setting next_dagrun for containers1_dag to 2024-03-01 00:00:00+00:00, run_after=2024-03-02 00:00:00+00:00
[2025-03-26T13:07:24.364+0000] {processor.py:208} INFO - Processing /opt/airflow/dags/containers1_dag.py took 0.136 seconds
[2025-03-26T13:07:54.580+0000] {processor.py:186} INFO - Started process (PID=909) to work on /opt/airflow/dags/containers1_dag.py
[2025-03-26T13:07:54.581+0000] {processor.py:914} INFO - Processing file /opt/airflow/dags/containers1_dag.py for tasks to queue
[2025-03-26T13:07:54.584+0000] {logging_mixin.py:190} INFO - [2025-03-26T13:07:54.583+0000] {dagbag.py:588} INFO - Filling up the DagBag from /opt/airflow/dags/containers1_dag.py
[2025-03-26T13:07:54.596+0000] {processor.py:925} INFO - DAG(s) 'containers1_dag' retrieved from /opt/airflow/dags/containers1_dag.py
[2025-03-26T13:07:54.632+0000] {logging_mixin.py:190} INFO - [2025-03-26T13:07:54.632+0000] {dag.py:3239} INFO - Sync 1 DAGs
[2025-03-26T13:07:54.672+0000] {logging_mixin.py:190} INFO - [2025-03-26T13:07:54.672+0000] {dag.py:4180} INFO - Setting next_dagrun for containers1_dag to 2024-03-01 00:00:00+00:00, run_after=2024-03-02 00:00:00+00:00
[2025-03-26T13:07:54.706+0000] {processor.py:208} INFO - Processing /opt/airflow/dags/containers1_dag.py took 0.138 seconds
[2025-03-26T13:08:24.990+0000] {processor.py:186} INFO - Started process (PID=925) to work on /opt/airflow/dags/containers1_dag.py
[2025-03-26T13:08:24.991+0000] {processor.py:914} INFO - Processing file /opt/airflow/dags/containers1_dag.py for tasks to queue
[2025-03-26T13:08:24.995+0000] {logging_mixin.py:190} INFO - [2025-03-26T13:08:24.994+0000] {dagbag.py:588} INFO - Filling up the DagBag from /opt/airflow/dags/containers1_dag.py
[2025-03-26T13:08:25.010+0000] {processor.py:925} INFO - DAG(s) 'containers1_dag' retrieved from /opt/airflow/dags/containers1_dag.py
[2025-03-26T13:08:25.050+0000] {logging_mixin.py:190} INFO - [2025-03-26T13:08:25.050+0000] {dag.py:3239} INFO - Sync 1 DAGs
[2025-03-26T13:08:25.086+0000] {logging_mixin.py:190} INFO - [2025-03-26T13:08:25.086+0000] {dag.py:4180} INFO - Setting next_dagrun for containers1_dag to 2024-03-01 00:00:00+00:00, run_after=2024-03-02 00:00:00+00:00
[2025-03-26T13:08:25.115+0000] {processor.py:208} INFO - Processing /opt/airflow/dags/containers1_dag.py took 0.137 seconds
[2025-03-26T13:08:55.470+0000] {processor.py:186} INFO - Started process (PID=941) to work on /opt/airflow/dags/containers1_dag.py
[2025-03-26T13:08:55.471+0000] {processor.py:914} INFO - Processing file /opt/airflow/dags/containers1_dag.py for tasks to queue
[2025-03-26T13:08:55.474+0000] {logging_mixin.py:190} INFO - [2025-03-26T13:08:55.474+0000] {dagbag.py:588} INFO - Filling up the DagBag from /opt/airflow/dags/containers1_dag.py
[2025-03-26T13:08:55.487+0000] {processor.py:925} INFO - DAG(s) 'containers1_dag' retrieved from /opt/airflow/dags/containers1_dag.py
[2025-03-26T13:08:55.526+0000] {logging_mixin.py:190} INFO - [2025-03-26T13:08:55.526+0000] {dag.py:3239} INFO - Sync 1 DAGs
[2025-03-26T13:08:55.563+0000] {logging_mixin.py:190} INFO - [2025-03-26T13:08:55.562+0000] {dag.py:4180} INFO - Setting next_dagrun for containers1_dag to 2024-03-01 00:00:00+00:00, run_after=2024-03-02 00:00:00+00:00
[2025-03-26T13:08:55.592+0000] {processor.py:208} INFO - Processing /opt/airflow/dags/containers1_dag.py took 0.134 seconds
[2025-03-26T13:09:25.799+0000] {processor.py:186} INFO - Started process (PID=957) to work on /opt/airflow/dags/containers1_dag.py
[2025-03-26T13:09:25.800+0000] {processor.py:914} INFO - Processing file /opt/airflow/dags/containers1_dag.py for tasks to queue
[2025-03-26T13:09:25.803+0000] {logging_mixin.py:190} INFO - [2025-03-26T13:09:25.803+0000] {dagbag.py:588} INFO - Filling up the DagBag from /opt/airflow/dags/containers1_dag.py
[2025-03-26T13:09:25.814+0000] {processor.py:925} INFO - DAG(s) 'containers1_dag' retrieved from /opt/airflow/dags/containers1_dag.py
[2025-03-26T13:09:25.847+0000] {logging_mixin.py:190} INFO - [2025-03-26T13:09:25.846+0000] {dag.py:3239} INFO - Sync 1 DAGs
[2025-03-26T13:09:25.888+0000] {logging_mixin.py:190} INFO - [2025-03-26T13:09:25.888+0000] {dag.py:4180} INFO - Setting next_dagrun for containers1_dag to 2024-03-01 00:00:00+00:00, run_after=2024-03-02 00:00:00+00:00
[2025-03-26T13:09:25.917+0000] {processor.py:208} INFO - Processing /opt/airflow/dags/containers1_dag.py took 0.129 seconds
[2025-03-26T13:09:56.279+0000] {processor.py:186} INFO - Started process (PID=973) to work on /opt/airflow/dags/containers1_dag.py
[2025-03-26T13:09:56.280+0000] {processor.py:914} INFO - Processing file /opt/airflow/dags/containers1_dag.py for tasks to queue
[2025-03-26T13:09:56.283+0000] {logging_mixin.py:190} INFO - [2025-03-26T13:09:56.282+0000] {dagbag.py:588} INFO - Filling up the DagBag from /opt/airflow/dags/containers1_dag.py
[2025-03-26T13:09:56.295+0000] {processor.py:925} INFO - DAG(s) 'containers1_dag' retrieved from /opt/airflow/dags/containers1_dag.py
[2025-03-26T13:09:56.331+0000] {logging_mixin.py:190} INFO - [2025-03-26T13:09:56.331+0000] {dag.py:3239} INFO - Sync 1 DAGs
[2025-03-26T13:09:56.368+0000] {logging_mixin.py:190} INFO - [2025-03-26T13:09:56.368+0000] {dag.py:4180} INFO - Setting next_dagrun for containers1_dag to 2024-03-01 00:00:00+00:00, run_after=2024-03-02 00:00:00+00:00
[2025-03-26T13:09:56.396+0000] {processor.py:208} INFO - Processing /opt/airflow/dags/containers1_dag.py took 0.127 seconds
[2025-03-26T13:10:26.753+0000] {processor.py:186} INFO - Started process (PID=989) to work on /opt/airflow/dags/containers1_dag.py
[2025-03-26T13:10:26.755+0000] {processor.py:914} INFO - Processing file /opt/airflow/dags/containers1_dag.py for tasks to queue
[2025-03-26T13:10:26.759+0000] {logging_mixin.py:190} INFO - [2025-03-26T13:10:26.758+0000] {dagbag.py:588} INFO - Filling up the DagBag from /opt/airflow/dags/containers1_dag.py
[2025-03-26T13:10:26.773+0000] {processor.py:925} INFO - DAG(s) 'containers1_dag' retrieved from /opt/airflow/dags/containers1_dag.py
[2025-03-26T13:10:26.808+0000] {logging_mixin.py:190} INFO - [2025-03-26T13:10:26.808+0000] {dag.py:3239} INFO - Sync 1 DAGs
[2025-03-26T13:10:26.842+0000] {logging_mixin.py:190} INFO - [2025-03-26T13:10:26.842+0000] {dag.py:4180} INFO - Setting next_dagrun for containers1_dag to 2024-03-01 00:00:00+00:00, run_after=2024-03-02 00:00:00+00:00
[2025-03-26T13:10:26.872+0000] {processor.py:208} INFO - Processing /opt/airflow/dags/containers1_dag.py took 0.130 seconds
[2025-03-26T13:10:57.240+0000] {processor.py:186} INFO - Started process (PID=1005) to work on /opt/airflow/dags/containers1_dag.py
[2025-03-26T13:10:57.242+0000] {processor.py:914} INFO - Processing file /opt/airflow/dags/containers1_dag.py for tasks to queue
[2025-03-26T13:10:57.245+0000] {logging_mixin.py:190} INFO - [2025-03-26T13:10:57.245+0000] {dagbag.py:588} INFO - Filling up the DagBag from /opt/airflow/dags/containers1_dag.py
[2025-03-26T13:10:57.258+0000] {processor.py:925} INFO - DAG(s) 'containers1_dag' retrieved from /opt/airflow/dags/containers1_dag.py
[2025-03-26T13:10:57.301+0000] {logging_mixin.py:190} INFO - [2025-03-26T13:10:57.300+0000] {dag.py:3239} INFO - Sync 1 DAGs
[2025-03-26T13:10:57.343+0000] {logging_mixin.py:190} INFO - [2025-03-26T13:10:57.342+0000] {dag.py:4180} INFO - Setting next_dagrun for containers1_dag to 2024-03-01 00:00:00+00:00, run_after=2024-03-02 00:00:00+00:00
[2025-03-26T13:10:57.372+0000] {processor.py:208} INFO - Processing /opt/airflow/dags/containers1_dag.py took 0.145 seconds
[2025-03-26T13:11:27.714+0000] {processor.py:186} INFO - Started process (PID=1021) to work on /opt/airflow/dags/containers1_dag.py
[2025-03-26T13:11:27.715+0000] {processor.py:914} INFO - Processing file /opt/airflow/dags/containers1_dag.py for tasks to queue
[2025-03-26T13:11:27.719+0000] {logging_mixin.py:190} INFO - [2025-03-26T13:11:27.718+0000] {dagbag.py:588} INFO - Filling up the DagBag from /opt/airflow/dags/containers1_dag.py
[2025-03-26T13:11:27.732+0000] {processor.py:925} INFO - DAG(s) 'containers1_dag' retrieved from /opt/airflow/dags/containers1_dag.py
[2025-03-26T13:11:27.765+0000] {logging_mixin.py:190} INFO - [2025-03-26T13:11:27.764+0000] {dag.py:3239} INFO - Sync 1 DAGs
[2025-03-26T13:11:27.801+0000] {logging_mixin.py:190} INFO - [2025-03-26T13:11:27.801+0000] {dag.py:4180} INFO - Setting next_dagrun for containers1_dag to 2024-03-01 00:00:00+00:00, run_after=2024-03-02 00:00:00+00:00
[2025-03-26T13:11:27.832+0000] {processor.py:208} INFO - Processing /opt/airflow/dags/containers1_dag.py took 0.130 seconds
[2025-03-26T13:11:58.191+0000] {processor.py:186} INFO - Started process (PID=1037) to work on /opt/airflow/dags/containers1_dag.py
[2025-03-26T13:11:58.192+0000] {processor.py:914} INFO - Processing file /opt/airflow/dags/containers1_dag.py for tasks to queue
[2025-03-26T13:11:58.196+0000] {logging_mixin.py:190} INFO - [2025-03-26T13:11:58.196+0000] {dagbag.py:588} INFO - Filling up the DagBag from /opt/airflow/dags/containers1_dag.py
[2025-03-26T13:11:58.208+0000] {processor.py:925} INFO - DAG(s) 'containers1_dag' retrieved from /opt/airflow/dags/containers1_dag.py
[2025-03-26T13:11:58.240+0000] {logging_mixin.py:190} INFO - [2025-03-26T13:11:58.239+0000] {dag.py:3239} INFO - Sync 1 DAGs
[2025-03-26T13:11:58.273+0000] {logging_mixin.py:190} INFO - [2025-03-26T13:11:58.272+0000] {dag.py:4180} INFO - Setting next_dagrun for containers1_dag to 2024-03-01 00:00:00+00:00, run_after=2024-03-02 00:00:00+00:00
[2025-03-26T13:11:58.300+0000] {processor.py:208} INFO - Processing /opt/airflow/dags/containers1_dag.py took 0.120 seconds
[2025-03-26T13:12:28.535+0000] {processor.py:186} INFO - Started process (PID=1053) to work on /opt/airflow/dags/containers1_dag.py
[2025-03-26T13:12:28.536+0000] {processor.py:914} INFO - Processing file /opt/airflow/dags/containers1_dag.py for tasks to queue
[2025-03-26T13:12:28.539+0000] {logging_mixin.py:190} INFO - [2025-03-26T13:12:28.539+0000] {dagbag.py:588} INFO - Filling up the DagBag from /opt/airflow/dags/containers1_dag.py
[2025-03-26T13:12:28.551+0000] {processor.py:925} INFO - DAG(s) 'containers1_dag' retrieved from /opt/airflow/dags/containers1_dag.py
[2025-03-26T13:12:28.584+0000] {logging_mixin.py:190} INFO - [2025-03-26T13:12:28.584+0000] {dag.py:3239} INFO - Sync 1 DAGs
[2025-03-26T13:12:28.620+0000] {logging_mixin.py:190} INFO - [2025-03-26T13:12:28.619+0000] {dag.py:4180} INFO - Setting next_dagrun for containers1_dag to 2024-03-01 00:00:00+00:00, run_after=2024-03-02 00:00:00+00:00
[2025-03-26T13:12:28.646+0000] {processor.py:208} INFO - Processing /opt/airflow/dags/containers1_dag.py took 0.121 seconds
[2025-03-26T13:12:58.929+0000] {processor.py:186} INFO - Started process (PID=1069) to work on /opt/airflow/dags/containers1_dag.py
[2025-03-26T13:12:58.930+0000] {processor.py:914} INFO - Processing file /opt/airflow/dags/containers1_dag.py for tasks to queue
[2025-03-26T13:12:58.934+0000] {logging_mixin.py:190} INFO - [2025-03-26T13:12:58.933+0000] {dagbag.py:588} INFO - Filling up the DagBag from /opt/airflow/dags/containers1_dag.py
[2025-03-26T13:12:58.946+0000] {processor.py:925} INFO - DAG(s) 'containers1_dag' retrieved from /opt/airflow/dags/containers1_dag.py
[2025-03-26T13:12:58.983+0000] {logging_mixin.py:190} INFO - [2025-03-26T13:12:58.983+0000] {dag.py:3239} INFO - Sync 1 DAGs
[2025-03-26T13:12:59.022+0000] {logging_mixin.py:190} INFO - [2025-03-26T13:12:59.022+0000] {dag.py:4180} INFO - Setting next_dagrun for containers1_dag to 2024-03-01 00:00:00+00:00, run_after=2024-03-02 00:00:00+00:00
[2025-03-26T13:12:59.052+0000] {processor.py:208} INFO - Processing /opt/airflow/dags/containers1_dag.py took 0.133 seconds
[2025-03-26T13:13:29.256+0000] {processor.py:186} INFO - Started process (PID=1085) to work on /opt/airflow/dags/containers1_dag.py
[2025-03-26T13:13:29.260+0000] {processor.py:914} INFO - Processing file /opt/airflow/dags/containers1_dag.py for tasks to queue
[2025-03-26T13:13:29.263+0000] {logging_mixin.py:190} INFO - [2025-03-26T13:13:29.262+0000] {dagbag.py:588} INFO - Filling up the DagBag from /opt/airflow/dags/containers1_dag.py
[2025-03-26T13:13:29.279+0000] {processor.py:925} INFO - DAG(s) 'containers1_dag' retrieved from /opt/airflow/dags/containers1_dag.py
[2025-03-26T13:13:29.312+0000] {logging_mixin.py:190} INFO - [2025-03-26T13:13:29.312+0000] {dag.py:3239} INFO - Sync 1 DAGs
[2025-03-26T13:13:29.349+0000] {logging_mixin.py:190} INFO - [2025-03-26T13:13:29.349+0000] {dag.py:4180} INFO - Setting next_dagrun for containers1_dag to 2024-03-01 00:00:00+00:00, run_after=2024-03-02 00:00:00+00:00
[2025-03-26T13:13:29.376+0000] {processor.py:208} INFO - Processing /opt/airflow/dags/containers1_dag.py took 0.131 seconds
[2025-03-26T13:13:59.739+0000] {processor.py:186} INFO - Started process (PID=1101) to work on /opt/airflow/dags/containers1_dag.py
[2025-03-26T13:13:59.739+0000] {processor.py:914} INFO - Processing file /opt/airflow/dags/containers1_dag.py for tasks to queue
[2025-03-26T13:13:59.742+0000] {logging_mixin.py:190} INFO - [2025-03-26T13:13:59.742+0000] {dagbag.py:588} INFO - Filling up the DagBag from /opt/airflow/dags/containers1_dag.py
[2025-03-26T13:13:59.754+0000] {processor.py:925} INFO - DAG(s) 'containers1_dag' retrieved from /opt/airflow/dags/containers1_dag.py
[2025-03-26T13:13:59.793+0000] {logging_mixin.py:190} INFO - [2025-03-26T13:13:59.792+0000] {dag.py:3239} INFO - Sync 1 DAGs
[2025-03-26T13:13:59.832+0000] {logging_mixin.py:190} INFO - [2025-03-26T13:13:59.832+0000] {dag.py:4180} INFO - Setting next_dagrun for containers1_dag to 2024-03-01 00:00:00+00:00, run_after=2024-03-02 00:00:00+00:00
[2025-03-26T13:13:59.862+0000] {processor.py:208} INFO - Processing /opt/airflow/dags/containers1_dag.py took 0.133 seconds
[2025-03-26T13:14:30.214+0000] {processor.py:186} INFO - Started process (PID=1117) to work on /opt/airflow/dags/containers1_dag.py
[2025-03-26T13:14:30.215+0000] {processor.py:914} INFO - Processing file /opt/airflow/dags/containers1_dag.py for tasks to queue
[2025-03-26T13:14:30.218+0000] {logging_mixin.py:190} INFO - [2025-03-26T13:14:30.218+0000] {dagbag.py:588} INFO - Filling up the DagBag from /opt/airflow/dags/containers1_dag.py
[2025-03-26T13:14:30.230+0000] {processor.py:925} INFO - DAG(s) 'containers1_dag' retrieved from /opt/airflow/dags/containers1_dag.py
[2025-03-26T13:14:30.263+0000] {logging_mixin.py:190} INFO - [2025-03-26T13:14:30.263+0000] {dag.py:3239} INFO - Sync 1 DAGs
[2025-03-26T13:14:30.301+0000] {logging_mixin.py:190} INFO - [2025-03-26T13:14:30.300+0000] {dag.py:4180} INFO - Setting next_dagrun for containers1_dag to 2024-03-01 00:00:00+00:00, run_after=2024-03-02 00:00:00+00:00
[2025-03-26T13:14:30.331+0000] {processor.py:208} INFO - Processing /opt/airflow/dags/containers1_dag.py took 0.131 seconds
[2025-03-26T13:15:00.701+0000] {processor.py:186} INFO - Started process (PID=1133) to work on /opt/airflow/dags/containers1_dag.py
[2025-03-26T13:15:00.706+0000] {processor.py:914} INFO - Processing file /opt/airflow/dags/containers1_dag.py for tasks to queue
[2025-03-26T13:15:00.709+0000] {logging_mixin.py:190} INFO - [2025-03-26T13:15:00.709+0000] {dagbag.py:588} INFO - Filling up the DagBag from /opt/airflow/dags/containers1_dag.py
[2025-03-26T13:15:00.727+0000] {processor.py:925} INFO - DAG(s) 'containers1_dag' retrieved from /opt/airflow/dags/containers1_dag.py
[2025-03-26T13:15:00.775+0000] {logging_mixin.py:190} INFO - [2025-03-26T13:15:00.775+0000] {dag.py:3239} INFO - Sync 1 DAGs
[2025-03-26T13:15:00.823+0000] {logging_mixin.py:190} INFO - [2025-03-26T13:15:00.822+0000] {dag.py:4180} INFO - Setting next_dagrun for containers1_dag to 2024-03-01 00:00:00+00:00, run_after=2024-03-02 00:00:00+00:00
[2025-03-26T13:15:00.860+0000] {processor.py:208} INFO - Processing /opt/airflow/dags/containers1_dag.py took 0.170 seconds
[2025-03-26T13:15:31.234+0000] {processor.py:186} INFO - Started process (PID=1149) to work on /opt/airflow/dags/containers1_dag.py
[2025-03-26T13:15:31.236+0000] {processor.py:914} INFO - Processing file /opt/airflow/dags/containers1_dag.py for tasks to queue
[2025-03-26T13:15:31.239+0000] {logging_mixin.py:190} INFO - [2025-03-26T13:15:31.239+0000] {dagbag.py:588} INFO - Filling up the DagBag from /opt/airflow/dags/containers1_dag.py
[2025-03-26T13:15:31.250+0000] {processor.py:925} INFO - DAG(s) 'containers1_dag' retrieved from /opt/airflow/dags/containers1_dag.py
[2025-03-26T13:15:31.283+0000] {logging_mixin.py:190} INFO - [2025-03-26T13:15:31.282+0000] {dag.py:3239} INFO - Sync 1 DAGs
[2025-03-26T13:15:31.316+0000] {logging_mixin.py:190} INFO - [2025-03-26T13:15:31.316+0000] {dag.py:4180} INFO - Setting next_dagrun for containers1_dag to 2024-03-01 00:00:00+00:00, run_after=2024-03-02 00:00:00+00:00
[2025-03-26T13:15:31.364+0000] {processor.py:208} INFO - Processing /opt/airflow/dags/containers1_dag.py took 0.143 seconds
[2025-03-26T13:16:01.708+0000] {processor.py:186} INFO - Started process (PID=1165) to work on /opt/airflow/dags/containers1_dag.py
[2025-03-26T13:16:01.711+0000] {processor.py:914} INFO - Processing file /opt/airflow/dags/containers1_dag.py for tasks to queue
[2025-03-26T13:16:01.715+0000] {logging_mixin.py:190} INFO - [2025-03-26T13:16:01.715+0000] {dagbag.py:588} INFO - Filling up the DagBag from /opt/airflow/dags/containers1_dag.py
[2025-03-26T13:16:01.728+0000] {processor.py:925} INFO - DAG(s) 'containers1_dag' retrieved from /opt/airflow/dags/containers1_dag.py
[2025-03-26T13:16:01.759+0000] {logging_mixin.py:190} INFO - [2025-03-26T13:16:01.758+0000] {dag.py:3239} INFO - Sync 1 DAGs
[2025-03-26T13:16:01.792+0000] {logging_mixin.py:190} INFO - [2025-03-26T13:16:01.792+0000] {dag.py:4180} INFO - Setting next_dagrun for containers1_dag to 2024-03-01 00:00:00+00:00, run_after=2024-03-02 00:00:00+00:00
[2025-03-26T13:16:01.824+0000] {processor.py:208} INFO - Processing /opt/airflow/dags/containers1_dag.py took 0.129 seconds
[2025-03-26T13:16:32.058+0000] {processor.py:186} INFO - Started process (PID=1181) to work on /opt/airflow/dags/containers1_dag.py
[2025-03-26T13:16:32.059+0000] {processor.py:914} INFO - Processing file /opt/airflow/dags/containers1_dag.py for tasks to queue
[2025-03-26T13:16:32.061+0000] {logging_mixin.py:190} INFO - [2025-03-26T13:16:32.060+0000] {dagbag.py:588} INFO - Filling up the DagBag from /opt/airflow/dags/containers1_dag.py
[2025-03-26T13:16:32.072+0000] {processor.py:925} INFO - DAG(s) 'containers1_dag' retrieved from /opt/airflow/dags/containers1_dag.py
[2025-03-26T13:16:32.107+0000] {logging_mixin.py:190} INFO - [2025-03-26T13:16:32.106+0000] {dag.py:3239} INFO - Sync 1 DAGs
[2025-03-26T13:16:32.140+0000] {logging_mixin.py:190} INFO - [2025-03-26T13:16:32.140+0000] {dag.py:4180} INFO - Setting next_dagrun for containers1_dag to 2024-03-01 00:00:00+00:00, run_after=2024-03-02 00:00:00+00:00
[2025-03-26T13:16:32.169+0000] {processor.py:208} INFO - Processing /opt/airflow/dags/containers1_dag.py took 0.123 seconds
[2025-03-26T13:17:02.500+0000] {processor.py:186} INFO - Started process (PID=1197) to work on /opt/airflow/dags/containers1_dag.py
[2025-03-26T13:17:02.502+0000] {processor.py:914} INFO - Processing file /opt/airflow/dags/containers1_dag.py for tasks to queue
[2025-03-26T13:17:02.505+0000] {logging_mixin.py:190} INFO - [2025-03-26T13:17:02.504+0000] {dagbag.py:588} INFO - Filling up the DagBag from /opt/airflow/dags/containers1_dag.py
[2025-03-26T13:17:02.516+0000] {processor.py:925} INFO - DAG(s) 'containers1_dag' retrieved from /opt/airflow/dags/containers1_dag.py
[2025-03-26T13:17:02.550+0000] {logging_mixin.py:190} INFO - [2025-03-26T13:17:02.550+0000] {dag.py:3239} INFO - Sync 1 DAGs
[2025-03-26T13:17:02.583+0000] {logging_mixin.py:190} INFO - [2025-03-26T13:17:02.583+0000] {dag.py:4180} INFO - Setting next_dagrun for containers1_dag to 2024-03-01 00:00:00+00:00, run_after=2024-03-02 00:00:00+00:00
[2025-03-26T13:17:02.630+0000] {processor.py:208} INFO - Processing /opt/airflow/dags/containers1_dag.py took 0.142 seconds
[2025-03-26T13:17:32.951+0000] {processor.py:186} INFO - Started process (PID=1213) to work on /opt/airflow/dags/containers1_dag.py
[2025-03-26T13:17:32.952+0000] {processor.py:914} INFO - Processing file /opt/airflow/dags/containers1_dag.py for tasks to queue
[2025-03-26T13:17:32.956+0000] {logging_mixin.py:190} INFO - [2025-03-26T13:17:32.955+0000] {dagbag.py:588} INFO - Filling up the DagBag from /opt/airflow/dags/containers1_dag.py
[2025-03-26T13:17:32.974+0000] {processor.py:925} INFO - DAG(s) 'containers1_dag' retrieved from /opt/airflow/dags/containers1_dag.py
[2025-03-26T13:17:33.016+0000] {logging_mixin.py:190} INFO - [2025-03-26T13:17:33.016+0000] {dag.py:3239} INFO - Sync 1 DAGs
[2025-03-26T13:17:33.054+0000] {logging_mixin.py:190} INFO - [2025-03-26T13:17:33.053+0000] {dag.py:4180} INFO - Setting next_dagrun for containers1_dag to 2024-03-01 00:00:00+00:00, run_after=2024-03-02 00:00:00+00:00
[2025-03-26T13:17:33.083+0000] {processor.py:208} INFO - Processing /opt/airflow/dags/containers1_dag.py took 0.143 seconds
[2025-03-26T13:18:03.428+0000] {processor.py:186} INFO - Started process (PID=1229) to work on /opt/airflow/dags/containers1_dag.py
[2025-03-26T13:18:03.432+0000] {processor.py:914} INFO - Processing file /opt/airflow/dags/containers1_dag.py for tasks to queue
[2025-03-26T13:18:03.436+0000] {logging_mixin.py:190} INFO - [2025-03-26T13:18:03.435+0000] {dagbag.py:588} INFO - Filling up the DagBag from /opt/airflow/dags/containers1_dag.py
[2025-03-26T13:18:03.454+0000] {processor.py:925} INFO - DAG(s) 'containers1_dag' retrieved from /opt/airflow/dags/containers1_dag.py
[2025-03-26T13:18:03.494+0000] {logging_mixin.py:190} INFO - [2025-03-26T13:18:03.494+0000] {dag.py:3239} INFO - Sync 1 DAGs
[2025-03-26T13:18:03.527+0000] {logging_mixin.py:190} INFO - [2025-03-26T13:18:03.527+0000] {dag.py:4180} INFO - Setting next_dagrun for containers1_dag to 2024-03-01 00:00:00+00:00, run_after=2024-03-02 00:00:00+00:00
[2025-03-26T13:18:03.560+0000] {processor.py:208} INFO - Processing /opt/airflow/dags/containers1_dag.py took 0.145 seconds
[2025-03-26T13:18:33.970+0000] {processor.py:186} INFO - Started process (PID=1293) to work on /opt/airflow/dags/containers1_dag.py
[2025-03-26T13:18:33.971+0000] {processor.py:914} INFO - Processing file /opt/airflow/dags/containers1_dag.py for tasks to queue
[2025-03-26T13:18:33.974+0000] {logging_mixin.py:190} INFO - [2025-03-26T13:18:33.974+0000] {dagbag.py:588} INFO - Filling up the DagBag from /opt/airflow/dags/containers1_dag.py
[2025-03-26T13:18:33.986+0000] {processor.py:925} INFO - DAG(s) 'containers1_dag' retrieved from /opt/airflow/dags/containers1_dag.py
[2025-03-26T13:18:34.023+0000] {logging_mixin.py:190} INFO - [2025-03-26T13:18:34.023+0000] {dag.py:3239} INFO - Sync 1 DAGs
[2025-03-26T13:18:34.056+0000] {logging_mixin.py:190} INFO - [2025-03-26T13:18:34.056+0000] {dag.py:4180} INFO - Setting next_dagrun for containers1_dag to 2024-03-10 00:00:00+00:00, run_after=2024-03-11 00:00:00+00:00
[2025-03-26T13:18:34.104+0000] {processor.py:208} INFO - Processing /opt/airflow/dags/containers1_dag.py took 0.147 seconds
[2025-03-26T13:19:04.412+0000] {processor.py:186} INFO - Started process (PID=1309) to work on /opt/airflow/dags/containers1_dag.py
[2025-03-26T13:19:04.416+0000] {processor.py:914} INFO - Processing file /opt/airflow/dags/containers1_dag.py for tasks to queue
[2025-03-26T13:19:04.419+0000] {logging_mixin.py:190} INFO - [2025-03-26T13:19:04.419+0000] {dagbag.py:588} INFO - Filling up the DagBag from /opt/airflow/dags/containers1_dag.py
[2025-03-26T13:19:04.431+0000] {processor.py:925} INFO - DAG(s) 'containers1_dag' retrieved from /opt/airflow/dags/containers1_dag.py
[2025-03-26T13:19:04.476+0000] {logging_mixin.py:190} INFO - [2025-03-26T13:19:04.476+0000] {dag.py:3239} INFO - Sync 1 DAGs
[2025-03-26T13:19:04.520+0000] {logging_mixin.py:190} INFO - [2025-03-26T13:19:04.520+0000] {dag.py:4180} INFO - Setting next_dagrun for containers1_dag to 2024-03-10 00:00:00+00:00, run_after=2024-03-11 00:00:00+00:00
[2025-03-26T13:19:04.555+0000] {processor.py:208} INFO - Processing /opt/airflow/dags/containers1_dag.py took 0.155 seconds
[2025-03-26T13:19:34.731+0000] {processor.py:186} INFO - Started process (PID=1325) to work on /opt/airflow/dags/containers1_dag.py
[2025-03-26T13:19:34.734+0000] {processor.py:914} INFO - Processing file /opt/airflow/dags/containers1_dag.py for tasks to queue
[2025-03-26T13:19:34.737+0000] {logging_mixin.py:190} INFO - [2025-03-26T13:19:34.737+0000] {dagbag.py:588} INFO - Filling up the DagBag from /opt/airflow/dags/containers1_dag.py
[2025-03-26T13:19:34.750+0000] {processor.py:925} INFO - DAG(s) 'containers1_dag' retrieved from /opt/airflow/dags/containers1_dag.py
[2025-03-26T13:19:34.792+0000] {logging_mixin.py:190} INFO - [2025-03-26T13:19:34.791+0000] {dag.py:3239} INFO - Sync 1 DAGs
[2025-03-26T13:19:34.883+0000] {logging_mixin.py:190} INFO - [2025-03-26T13:19:34.882+0000] {dag.py:4180} INFO - Setting next_dagrun for containers1_dag to 2024-03-10 00:00:00+00:00, run_after=2024-03-11 00:00:00+00:00
[2025-03-26T13:19:34.919+0000] {processor.py:208} INFO - Processing /opt/airflow/dags/containers1_dag.py took 0.198 seconds
[2025-03-26T13:20:05.310+0000] {processor.py:186} INFO - Started process (PID=1341) to work on /opt/airflow/dags/containers1_dag.py
[2025-03-26T13:20:05.314+0000] {processor.py:914} INFO - Processing file /opt/airflow/dags/containers1_dag.py for tasks to queue
[2025-03-26T13:20:05.317+0000] {logging_mixin.py:190} INFO - [2025-03-26T13:20:05.317+0000] {dagbag.py:588} INFO - Filling up the DagBag from /opt/airflow/dags/containers1_dag.py
[2025-03-26T13:20:05.330+0000] {processor.py:925} INFO - DAG(s) 'containers1_dag' retrieved from /opt/airflow/dags/containers1_dag.py
[2025-03-26T13:20:05.367+0000] {logging_mixin.py:190} INFO - [2025-03-26T13:20:05.367+0000] {dag.py:3239} INFO - Sync 1 DAGs
[2025-03-26T13:20:05.403+0000] {logging_mixin.py:190} INFO - [2025-03-26T13:20:05.402+0000] {dag.py:4180} INFO - Setting next_dagrun for containers1_dag to 2024-03-10 00:00:00+00:00, run_after=2024-03-11 00:00:00+00:00
[2025-03-26T13:20:05.434+0000] {processor.py:208} INFO - Processing /opt/airflow/dags/containers1_dag.py took 0.136 seconds
[2025-03-26T13:31:59.458+0000] {processor.py:186} INFO - Started process (PID=165) to work on /opt/airflow/dags/containers1_dag.py
[2025-03-26T13:31:59.475+0000] {processor.py:914} INFO - Processing file /opt/airflow/dags/containers1_dag.py for tasks to queue
[2025-03-26T13:31:59.479+0000] {logging_mixin.py:190} INFO - [2025-03-26T13:31:59.479+0000] {dagbag.py:588} INFO - Filling up the DagBag from /opt/airflow/dags/containers1_dag.py
[2025-03-26T13:31:59.591+0000] {processor.py:925} INFO - DAG(s) 'containers1_dag' retrieved from /opt/airflow/dags/containers1_dag.py
[2025-03-26T13:32:00.647+0000] {logging_mixin.py:190} INFO - [2025-03-26T13:32:00.645+0000] {override.py:1912} INFO - Created Permission View: can delete on DAG:containers1_dag
[2025-03-26T13:32:00.695+0000] {logging_mixin.py:190} INFO - [2025-03-26T13:32:00.694+0000] {override.py:1912} INFO - Created Permission View: can read on DAG:containers1_dag
[2025-03-26T13:32:00.727+0000] {logging_mixin.py:190} INFO - [2025-03-26T13:32:00.723+0000] {override.py:1912} INFO - Created Permission View: can edit on DAG:containers1_dag
[2025-03-26T13:32:00.778+0000] {logging_mixin.py:190} INFO - [2025-03-26T13:32:00.778+0000] {override.py:1912} INFO - Created Permission View: can delete on DAG Run:containers1_dag
[2025-03-26T13:32:00.803+0000] {logging_mixin.py:190} INFO - [2025-03-26T13:32:00.802+0000] {override.py:1912} INFO - Created Permission View: can read on DAG Run:containers1_dag
[2025-03-26T13:32:00.828+0000] {logging_mixin.py:190} INFO - [2025-03-26T13:32:00.827+0000] {override.py:1912} INFO - Created Permission View: can create on DAG Run:containers1_dag
[2025-03-26T13:32:00.853+0000] {logging_mixin.py:190} INFO - [2025-03-26T13:32:00.852+0000] {override.py:1912} INFO - Created Permission View: menu access on DAG Run:containers1_dag
[2025-03-26T13:32:00.854+0000] {logging_mixin.py:190} INFO - [2025-03-26T13:32:00.853+0000] {dag.py:3239} INFO - Sync 1 DAGs
[2025-03-26T13:32:00.899+0000] {logging_mixin.py:190} INFO - [2025-03-26T13:32:00.898+0000] {dag.py:3262} INFO - Creating ORM DAG for containers1_dag
[2025-03-26T13:32:00.942+0000] {logging_mixin.py:190} INFO - [2025-03-26T13:32:00.942+0000] {dag.py:4180} INFO - Setting next_dagrun for containers1_dag to 2024-03-01 00:00:00+00:00, run_after=2024-03-02 00:00:00+00:00
[2025-03-26T13:32:00.996+0000] {processor.py:208} INFO - Processing /opt/airflow/dags/containers1_dag.py took 1.549 seconds
[2025-03-26T13:32:31.236+0000] {processor.py:186} INFO - Started process (PID=186) to work on /opt/airflow/dags/containers1_dag.py
[2025-03-26T13:32:31.240+0000] {processor.py:914} INFO - Processing file /opt/airflow/dags/containers1_dag.py for tasks to queue
[2025-03-26T13:32:31.243+0000] {logging_mixin.py:190} INFO - [2025-03-26T13:32:31.242+0000] {dagbag.py:588} INFO - Filling up the DagBag from /opt/airflow/dags/containers1_dag.py
[2025-03-26T13:32:31.256+0000] {processor.py:925} INFO - DAG(s) 'containers1_dag' retrieved from /opt/airflow/dags/containers1_dag.py
[2025-03-26T13:32:31.297+0000] {logging_mixin.py:190} INFO - [2025-03-26T13:32:31.296+0000] {dag.py:3239} INFO - Sync 1 DAGs
[2025-03-26T13:32:31.332+0000] {logging_mixin.py:190} INFO - [2025-03-26T13:32:31.331+0000] {dag.py:4180} INFO - Setting next_dagrun for containers1_dag to 2024-03-01 00:00:00+00:00, run_after=2024-03-02 00:00:00+00:00
[2025-03-26T13:32:31.359+0000] {processor.py:208} INFO - Processing /opt/airflow/dags/containers1_dag.py took 0.135 seconds
[2025-03-26T13:33:01.576+0000] {processor.py:186} INFO - Started process (PID=202) to work on /opt/airflow/dags/containers1_dag.py
[2025-03-26T13:33:01.577+0000] {processor.py:914} INFO - Processing file /opt/airflow/dags/containers1_dag.py for tasks to queue
[2025-03-26T13:33:01.580+0000] {logging_mixin.py:190} INFO - [2025-03-26T13:33:01.580+0000] {dagbag.py:588} INFO - Filling up the DagBag from /opt/airflow/dags/containers1_dag.py
[2025-03-26T13:33:01.599+0000] {processor.py:925} INFO - DAG(s) 'containers1_dag' retrieved from /opt/airflow/dags/containers1_dag.py
[2025-03-26T13:33:01.641+0000] {logging_mixin.py:190} INFO - [2025-03-26T13:33:01.641+0000] {dag.py:3239} INFO - Sync 1 DAGs
[2025-03-26T13:33:01.684+0000] {logging_mixin.py:190} INFO - [2025-03-26T13:33:01.684+0000] {dag.py:4180} INFO - Setting next_dagrun for containers1_dag to 2024-03-01 00:00:00+00:00, run_after=2024-03-02 00:00:00+00:00
[2025-03-26T13:33:01.727+0000] {processor.py:208} INFO - Processing /opt/airflow/dags/containers1_dag.py took 0.162 seconds
[2025-03-26T13:33:32.057+0000] {processor.py:186} INFO - Started process (PID=218) to work on /opt/airflow/dags/containers1_dag.py
[2025-03-26T13:33:32.061+0000] {processor.py:914} INFO - Processing file /opt/airflow/dags/containers1_dag.py for tasks to queue
[2025-03-26T13:33:32.066+0000] {logging_mixin.py:190} INFO - [2025-03-26T13:33:32.065+0000] {dagbag.py:588} INFO - Filling up the DagBag from /opt/airflow/dags/containers1_dag.py
[2025-03-26T13:33:32.078+0000] {processor.py:925} INFO - DAG(s) 'containers1_dag' retrieved from /opt/airflow/dags/containers1_dag.py
[2025-03-26T13:33:32.127+0000] {logging_mixin.py:190} INFO - [2025-03-26T13:33:32.127+0000] {dag.py:3239} INFO - Sync 1 DAGs
[2025-03-26T13:33:32.182+0000] {logging_mixin.py:190} INFO - [2025-03-26T13:33:32.182+0000] {dag.py:4180} INFO - Setting next_dagrun for containers1_dag to 2024-03-01 00:00:00+00:00, run_after=2024-03-02 00:00:00+00:00
[2025-03-26T13:33:32.215+0000] {processor.py:208} INFO - Processing /opt/airflow/dags/containers1_dag.py took 0.170 seconds
[2025-03-26T13:34:02.549+0000] {processor.py:186} INFO - Started process (PID=234) to work on /opt/airflow/dags/containers1_dag.py
[2025-03-26T13:34:02.550+0000] {processor.py:914} INFO - Processing file /opt/airflow/dags/containers1_dag.py for tasks to queue
[2025-03-26T13:34:02.553+0000] {logging_mixin.py:190} INFO - [2025-03-26T13:34:02.553+0000] {dagbag.py:588} INFO - Filling up the DagBag from /opt/airflow/dags/containers1_dag.py
[2025-03-26T13:34:02.565+0000] {processor.py:925} INFO - DAG(s) 'containers1_dag' retrieved from /opt/airflow/dags/containers1_dag.py
[2025-03-26T13:34:02.607+0000] {logging_mixin.py:190} INFO - [2025-03-26T13:34:02.607+0000] {dag.py:3239} INFO - Sync 1 DAGs
[2025-03-26T13:34:02.658+0000] {logging_mixin.py:190} INFO - [2025-03-26T13:34:02.657+0000] {dag.py:4180} INFO - Setting next_dagrun for containers1_dag to 2024-03-01 00:00:00+00:00, run_after=2024-03-02 00:00:00+00:00
[2025-03-26T13:34:02.686+0000] {processor.py:208} INFO - Processing /opt/airflow/dags/containers1_dag.py took 0.149 seconds
[2025-03-26T13:34:33.057+0000] {processor.py:186} INFO - Started process (PID=250) to work on /opt/airflow/dags/containers1_dag.py
[2025-03-26T13:34:33.061+0000] {processor.py:914} INFO - Processing file /opt/airflow/dags/containers1_dag.py for tasks to queue
[2025-03-26T13:34:33.063+0000] {logging_mixin.py:190} INFO - [2025-03-26T13:34:33.063+0000] {dagbag.py:588} INFO - Filling up the DagBag from /opt/airflow/dags/containers1_dag.py
[2025-03-26T13:34:33.074+0000] {processor.py:925} INFO - DAG(s) 'containers1_dag' retrieved from /opt/airflow/dags/containers1_dag.py
[2025-03-26T13:34:33.108+0000] {logging_mixin.py:190} INFO - [2025-03-26T13:34:33.108+0000] {dag.py:3239} INFO - Sync 1 DAGs
[2025-03-26T13:34:33.142+0000] {logging_mixin.py:190} INFO - [2025-03-26T13:34:33.142+0000] {dag.py:4180} INFO - Setting next_dagrun for containers1_dag to 2024-03-01 00:00:00+00:00, run_after=2024-03-02 00:00:00+00:00
[2025-03-26T13:34:33.174+0000] {processor.py:208} INFO - Processing /opt/airflow/dags/containers1_dag.py took 0.128 seconds
[2025-03-26T13:35:53.096+0000] {processor.py:186} INFO - Started process (PID=165) to work on /opt/airflow/dags/containers1_dag.py
[2025-03-26T13:35:53.098+0000] {processor.py:914} INFO - Processing file /opt/airflow/dags/containers1_dag.py for tasks to queue
[2025-03-26T13:35:53.105+0000] {logging_mixin.py:190} INFO - [2025-03-26T13:35:53.104+0000] {dagbag.py:588} INFO - Filling up the DagBag from /opt/airflow/dags/containers1_dag.py
[2025-03-26T13:35:53.157+0000] {processor.py:925} INFO - DAG(s) 'containers1_dag' retrieved from /opt/airflow/dags/containers1_dag.py
[2025-03-26T13:35:53.859+0000] {logging_mixin.py:190} INFO - [2025-03-26T13:35:53.858+0000] {override.py:1912} INFO - Created Permission View: can read on DAG:containers1_dag
[2025-03-26T13:35:53.883+0000] {logging_mixin.py:190} INFO - [2025-03-26T13:35:53.883+0000] {override.py:1912} INFO - Created Permission View: can edit on DAG:containers1_dag
[2025-03-26T13:35:53.900+0000] {logging_mixin.py:190} INFO - [2025-03-26T13:35:53.899+0000] {override.py:1912} INFO - Created Permission View: can delete on DAG:containers1_dag
[2025-03-26T13:35:53.920+0000] {logging_mixin.py:190} INFO - [2025-03-26T13:35:53.920+0000] {override.py:1912} INFO - Created Permission View: can read on DAG Run:containers1_dag
[2025-03-26T13:35:53.939+0000] {logging_mixin.py:190} INFO - [2025-03-26T13:35:53.938+0000] {override.py:1912} INFO - Created Permission View: menu access on DAG Run:containers1_dag
[2025-03-26T13:35:53.960+0000] {logging_mixin.py:190} INFO - [2025-03-26T13:35:53.959+0000] {override.py:1912} INFO - Created Permission View: can delete on DAG Run:containers1_dag
[2025-03-26T13:35:53.976+0000] {logging_mixin.py:190} INFO - [2025-03-26T13:35:53.976+0000] {override.py:1912} INFO - Created Permission View: can create on DAG Run:containers1_dag
[2025-03-26T13:35:53.977+0000] {logging_mixin.py:190} INFO - [2025-03-26T13:35:53.977+0000] {dag.py:3239} INFO - Sync 1 DAGs
[2025-03-26T13:35:54.015+0000] {logging_mixin.py:190} INFO - [2025-03-26T13:35:54.015+0000] {dag.py:3262} INFO - Creating ORM DAG for containers1_dag
[2025-03-26T13:35:54.042+0000] {logging_mixin.py:190} INFO - [2025-03-26T13:35:54.041+0000] {dag.py:4180} INFO - Setting next_dagrun for containers1_dag to 2024-03-01 00:00:00+00:00, run_after=2024-03-02 00:00:00+00:00
[2025-03-26T13:35:54.079+0000] {processor.py:208} INFO - Processing /opt/airflow/dags/containers1_dag.py took 1.006 seconds
[2025-03-26T13:36:24.319+0000] {processor.py:186} INFO - Started process (PID=187) to work on /opt/airflow/dags/containers1_dag.py
[2025-03-26T13:36:24.323+0000] {processor.py:914} INFO - Processing file /opt/airflow/dags/containers1_dag.py for tasks to queue
[2025-03-26T13:36:24.326+0000] {logging_mixin.py:190} INFO - [2025-03-26T13:36:24.326+0000] {dagbag.py:588} INFO - Filling up the DagBag from /opt/airflow/dags/containers1_dag.py
[2025-03-26T13:36:24.347+0000] {processor.py:925} INFO - DAG(s) 'containers1_dag' retrieved from /opt/airflow/dags/containers1_dag.py
[2025-03-26T13:36:24.396+0000] {logging_mixin.py:190} INFO - [2025-03-26T13:36:24.396+0000] {dag.py:3239} INFO - Sync 1 DAGs
[2025-03-26T13:36:24.440+0000] {logging_mixin.py:190} INFO - [2025-03-26T13:36:24.440+0000] {dag.py:4180} INFO - Setting next_dagrun for containers1_dag to 2024-03-01 00:00:00+00:00, run_after=2024-03-02 00:00:00+00:00
[2025-03-26T13:36:24.493+0000] {processor.py:208} INFO - Processing /opt/airflow/dags/containers1_dag.py took 0.183 seconds
[2025-03-26T13:36:54.835+0000] {processor.py:186} INFO - Started process (PID=203) to work on /opt/airflow/dags/containers1_dag.py
[2025-03-26T13:36:54.837+0000] {processor.py:914} INFO - Processing file /opt/airflow/dags/containers1_dag.py for tasks to queue
[2025-03-26T13:36:54.839+0000] {logging_mixin.py:190} INFO - [2025-03-26T13:36:54.839+0000] {dagbag.py:588} INFO - Filling up the DagBag from /opt/airflow/dags/containers1_dag.py
[2025-03-26T13:36:54.852+0000] {processor.py:925} INFO - DAG(s) 'containers1_dag' retrieved from /opt/airflow/dags/containers1_dag.py
[2025-03-26T13:36:54.891+0000] {logging_mixin.py:190} INFO - [2025-03-26T13:36:54.890+0000] {dag.py:3239} INFO - Sync 1 DAGs
[2025-03-26T13:36:54.924+0000] {logging_mixin.py:190} INFO - [2025-03-26T13:36:54.924+0000] {dag.py:4180} INFO - Setting next_dagrun for containers1_dag to 2024-03-01 00:00:00+00:00, run_after=2024-03-02 00:00:00+00:00
[2025-03-26T13:36:54.956+0000] {processor.py:208} INFO - Processing /opt/airflow/dags/containers1_dag.py took 0.131 seconds
[2025-03-26T13:37:25.313+0000] {processor.py:186} INFO - Started process (PID=219) to work on /opt/airflow/dags/containers1_dag.py
[2025-03-26T13:37:25.328+0000] {processor.py:914} INFO - Processing file /opt/airflow/dags/containers1_dag.py for tasks to queue
[2025-03-26T13:37:25.331+0000] {logging_mixin.py:190} INFO - [2025-03-26T13:37:25.330+0000] {dagbag.py:588} INFO - Filling up the DagBag from /opt/airflow/dags/containers1_dag.py
[2025-03-26T13:37:25.344+0000] {processor.py:925} INFO - DAG(s) 'containers1_dag' retrieved from /opt/airflow/dags/containers1_dag.py
[2025-03-26T13:37:25.379+0000] {logging_mixin.py:190} INFO - [2025-03-26T13:37:25.379+0000] {dag.py:3239} INFO - Sync 1 DAGs
[2025-03-26T13:37:25.418+0000] {logging_mixin.py:190} INFO - [2025-03-26T13:37:25.418+0000] {dag.py:4180} INFO - Setting next_dagrun for containers1_dag to 2024-03-01 00:00:00+00:00, run_after=2024-03-02 00:00:00+00:00
[2025-03-26T13:37:25.458+0000] {processor.py:208} INFO - Processing /opt/airflow/dags/containers1_dag.py took 0.156 seconds
[2025-03-26T13:37:55.794+0000] {processor.py:186} INFO - Started process (PID=235) to work on /opt/airflow/dags/containers1_dag.py
[2025-03-26T13:37:55.798+0000] {processor.py:914} INFO - Processing file /opt/airflow/dags/containers1_dag.py for tasks to queue
[2025-03-26T13:37:55.801+0000] {logging_mixin.py:190} INFO - [2025-03-26T13:37:55.801+0000] {dagbag.py:588} INFO - Filling up the DagBag from /opt/airflow/dags/containers1_dag.py
[2025-03-26T13:37:55.813+0000] {processor.py:925} INFO - DAG(s) 'containers1_dag' retrieved from /opt/airflow/dags/containers1_dag.py
[2025-03-26T13:37:55.845+0000] {logging_mixin.py:190} INFO - [2025-03-26T13:37:55.845+0000] {dag.py:3239} INFO - Sync 1 DAGs
[2025-03-26T13:37:55.878+0000] {logging_mixin.py:190} INFO - [2025-03-26T13:37:55.878+0000] {dag.py:4180} INFO - Setting next_dagrun for containers1_dag to 2024-03-01 00:00:00+00:00, run_after=2024-03-02 00:00:00+00:00
[2025-03-26T13:37:55.907+0000] {processor.py:208} INFO - Processing /opt/airflow/dags/containers1_dag.py took 0.125 seconds
[2025-03-26T13:38:27.191+0000] {processor.py:186} INFO - Started process (PID=302) to work on /opt/airflow/dags/containers1_dag.py
[2025-03-26T13:38:27.198+0000] {processor.py:914} INFO - Processing file /opt/airflow/dags/containers1_dag.py for tasks to queue
[2025-03-26T13:38:27.202+0000] {logging_mixin.py:190} INFO - [2025-03-26T13:38:27.202+0000] {dagbag.py:588} INFO - Filling up the DagBag from /opt/airflow/dags/containers1_dag.py
[2025-03-26T13:38:27.232+0000] {processor.py:925} INFO - DAG(s) 'containers1_dag' retrieved from /opt/airflow/dags/containers1_dag.py
[2025-03-26T13:38:27.455+0000] {logging_mixin.py:190} INFO - [2025-03-26T13:38:27.454+0000] {dag.py:3239} INFO - Sync 1 DAGs
[2025-03-26T13:38:27.597+0000] {logging_mixin.py:190} INFO - [2025-03-26T13:38:27.596+0000] {dag.py:4180} INFO - Setting next_dagrun for containers1_dag to 2024-03-13 00:00:00+00:00, run_after=2024-03-14 00:00:00+00:00
[2025-03-26T13:38:27.791+0000] {processor.py:208} INFO - Processing /opt/airflow/dags/containers1_dag.py took 0.685 seconds
[2025-03-26T13:38:58.242+0000] {processor.py:186} INFO - Started process (PID=324) to work on /opt/airflow/dags/containers1_dag.py
[2025-03-26T13:38:58.246+0000] {processor.py:914} INFO - Processing file /opt/airflow/dags/containers1_dag.py for tasks to queue
[2025-03-26T13:38:58.250+0000] {logging_mixin.py:190} INFO - [2025-03-26T13:38:58.249+0000] {dagbag.py:588} INFO - Filling up the DagBag from /opt/airflow/dags/containers1_dag.py
[2025-03-26T13:38:58.270+0000] {processor.py:925} INFO - DAG(s) 'containers1_dag' retrieved from /opt/airflow/dags/containers1_dag.py
[2025-03-26T13:38:58.314+0000] {logging_mixin.py:190} INFO - [2025-03-26T13:38:58.313+0000] {dag.py:3239} INFO - Sync 1 DAGs
[2025-03-26T13:38:58.362+0000] {logging_mixin.py:190} INFO - [2025-03-26T13:38:58.362+0000] {dag.py:4180} INFO - Setting next_dagrun for containers1_dag to 2024-03-13 00:00:00+00:00, run_after=2024-03-14 00:00:00+00:00
[2025-03-26T13:38:58.395+0000] {processor.py:208} INFO - Processing /opt/airflow/dags/containers1_dag.py took 0.166 seconds
[2025-03-26T13:39:28.758+0000] {processor.py:186} INFO - Started process (PID=340) to work on /opt/airflow/dags/containers1_dag.py
[2025-03-26T13:39:28.761+0000] {processor.py:914} INFO - Processing file /opt/airflow/dags/containers1_dag.py for tasks to queue
[2025-03-26T13:39:28.764+0000] {logging_mixin.py:190} INFO - [2025-03-26T13:39:28.764+0000] {dagbag.py:588} INFO - Filling up the DagBag from /opt/airflow/dags/containers1_dag.py
[2025-03-26T13:39:28.781+0000] {processor.py:925} INFO - DAG(s) 'containers1_dag' retrieved from /opt/airflow/dags/containers1_dag.py
[2025-03-26T13:39:28.825+0000] {logging_mixin.py:190} INFO - [2025-03-26T13:39:28.824+0000] {dag.py:3239} INFO - Sync 1 DAGs
[2025-03-26T13:39:28.878+0000] {logging_mixin.py:190} INFO - [2025-03-26T13:39:28.877+0000] {dag.py:4180} INFO - Setting next_dagrun for containers1_dag to 2024-03-13 00:00:00+00:00, run_after=2024-03-14 00:00:00+00:00
[2025-03-26T13:39:28.914+0000] {processor.py:208} INFO - Processing /opt/airflow/dags/containers1_dag.py took 0.168 seconds
[2025-03-26T13:39:59.231+0000] {processor.py:186} INFO - Started process (PID=356) to work on /opt/airflow/dags/containers1_dag.py
[2025-03-26T13:39:59.236+0000] {processor.py:914} INFO - Processing file /opt/airflow/dags/containers1_dag.py for tasks to queue
[2025-03-26T13:39:59.238+0000] {logging_mixin.py:190} INFO - [2025-03-26T13:39:59.238+0000] {dagbag.py:588} INFO - Filling up the DagBag from /opt/airflow/dags/containers1_dag.py
[2025-03-26T13:39:59.251+0000] {processor.py:925} INFO - DAG(s) 'containers1_dag' retrieved from /opt/airflow/dags/containers1_dag.py
[2025-03-26T13:39:59.297+0000] {logging_mixin.py:190} INFO - [2025-03-26T13:39:59.297+0000] {dag.py:3239} INFO - Sync 1 DAGs
[2025-03-26T13:39:59.374+0000] {logging_mixin.py:190} INFO - [2025-03-26T13:39:59.373+0000] {dag.py:4180} INFO - Setting next_dagrun for containers1_dag to 2024-03-13 00:00:00+00:00, run_after=2024-03-14 00:00:00+00:00
[2025-03-26T13:39:59.420+0000] {processor.py:208} INFO - Processing /opt/airflow/dags/containers1_dag.py took 0.200 seconds
[2025-03-26T13:40:29.727+0000] {processor.py:186} INFO - Started process (PID=372) to work on /opt/airflow/dags/containers1_dag.py
[2025-03-26T13:40:29.731+0000] {processor.py:914} INFO - Processing file /opt/airflow/dags/containers1_dag.py for tasks to queue
[2025-03-26T13:40:29.734+0000] {logging_mixin.py:190} INFO - [2025-03-26T13:40:29.734+0000] {dagbag.py:588} INFO - Filling up the DagBag from /opt/airflow/dags/containers1_dag.py
[2025-03-26T13:40:29.750+0000] {processor.py:925} INFO - DAG(s) 'containers1_dag' retrieved from /opt/airflow/dags/containers1_dag.py
[2025-03-26T13:40:29.787+0000] {logging_mixin.py:190} INFO - [2025-03-26T13:40:29.787+0000] {dag.py:3239} INFO - Sync 1 DAGs
[2025-03-26T13:40:29.823+0000] {logging_mixin.py:190} INFO - [2025-03-26T13:40:29.823+0000] {dag.py:4180} INFO - Setting next_dagrun for containers1_dag to 2024-03-13 00:00:00+00:00, run_after=2024-03-14 00:00:00+00:00
[2025-03-26T13:40:29.852+0000] {processor.py:208} INFO - Processing /opt/airflow/dags/containers1_dag.py took 0.136 seconds
[2025-03-26T13:41:00.212+0000] {processor.py:186} INFO - Started process (PID=388) to work on /opt/airflow/dags/containers1_dag.py
[2025-03-26T13:41:00.215+0000] {processor.py:914} INFO - Processing file /opt/airflow/dags/containers1_dag.py for tasks to queue
[2025-03-26T13:41:00.218+0000] {logging_mixin.py:190} INFO - [2025-03-26T13:41:00.218+0000] {dagbag.py:588} INFO - Filling up the DagBag from /opt/airflow/dags/containers1_dag.py
[2025-03-26T13:41:00.230+0000] {processor.py:925} INFO - DAG(s) 'containers1_dag' retrieved from /opt/airflow/dags/containers1_dag.py
[2025-03-26T13:41:00.262+0000] {logging_mixin.py:190} INFO - [2025-03-26T13:41:00.262+0000] {dag.py:3239} INFO - Sync 1 DAGs
[2025-03-26T13:41:00.295+0000] {logging_mixin.py:190} INFO - [2025-03-26T13:41:00.295+0000] {dag.py:4180} INFO - Setting next_dagrun for containers1_dag to 2024-03-13 00:00:00+00:00, run_after=2024-03-14 00:00:00+00:00
[2025-03-26T13:41:00.327+0000] {processor.py:208} INFO - Processing /opt/airflow/dags/containers1_dag.py took 0.126 seconds
[2025-03-26T13:41:30.672+0000] {processor.py:186} INFO - Started process (PID=404) to work on /opt/airflow/dags/containers1_dag.py
[2025-03-26T13:41:30.677+0000] {processor.py:914} INFO - Processing file /opt/airflow/dags/containers1_dag.py for tasks to queue
[2025-03-26T13:41:30.680+0000] {logging_mixin.py:190} INFO - [2025-03-26T13:41:30.680+0000] {dagbag.py:588} INFO - Filling up the DagBag from /opt/airflow/dags/containers1_dag.py
[2025-03-26T13:41:30.692+0000] {processor.py:925} INFO - DAG(s) 'containers1_dag' retrieved from /opt/airflow/dags/containers1_dag.py
[2025-03-26T13:41:30.728+0000] {logging_mixin.py:190} INFO - [2025-03-26T13:41:30.727+0000] {dag.py:3239} INFO - Sync 1 DAGs
[2025-03-26T13:41:30.761+0000] {logging_mixin.py:190} INFO - [2025-03-26T13:41:30.761+0000] {dag.py:4180} INFO - Setting next_dagrun for containers1_dag to 2024-03-13 00:00:00+00:00, run_after=2024-03-14 00:00:00+00:00
[2025-03-26T13:41:30.932+0000] {processor.py:208} INFO - Processing /opt/airflow/dags/containers1_dag.py took 0.272 seconds
[2025-03-26T13:42:01.016+0000] {processor.py:186} INFO - Started process (PID=420) to work on /opt/airflow/dags/containers1_dag.py
[2025-03-26T13:42:01.020+0000] {processor.py:914} INFO - Processing file /opt/airflow/dags/containers1_dag.py for tasks to queue
[2025-03-26T13:42:01.022+0000] {logging_mixin.py:190} INFO - [2025-03-26T13:42:01.022+0000] {dagbag.py:588} INFO - Filling up the DagBag from /opt/airflow/dags/containers1_dag.py
[2025-03-26T13:42:01.035+0000] {processor.py:925} INFO - DAG(s) 'containers1_dag' retrieved from /opt/airflow/dags/containers1_dag.py
[2025-03-26T13:42:01.072+0000] {logging_mixin.py:190} INFO - [2025-03-26T13:42:01.071+0000] {dag.py:3239} INFO - Sync 1 DAGs
[2025-03-26T13:42:01.324+0000] {logging_mixin.py:190} INFO - [2025-03-26T13:42:01.324+0000] {dag.py:4180} INFO - Setting next_dagrun for containers1_dag to 2024-03-13 00:00:00+00:00, run_after=2024-03-14 00:00:00+00:00
[2025-03-26T13:42:01.377+0000] {processor.py:208} INFO - Processing /opt/airflow/dags/containers1_dag.py took 0.371 seconds
[2025-03-26T13:42:31.730+0000] {processor.py:186} INFO - Started process (PID=436) to work on /opt/airflow/dags/containers1_dag.py
[2025-03-26T13:42:31.734+0000] {processor.py:914} INFO - Processing file /opt/airflow/dags/containers1_dag.py for tasks to queue
[2025-03-26T13:42:31.737+0000] {logging_mixin.py:190} INFO - [2025-03-26T13:42:31.737+0000] {dagbag.py:588} INFO - Filling up the DagBag from /opt/airflow/dags/containers1_dag.py
[2025-03-26T13:42:31.750+0000] {processor.py:925} INFO - DAG(s) 'containers1_dag' retrieved from /opt/airflow/dags/containers1_dag.py
[2025-03-26T13:42:31.939+0000] {logging_mixin.py:190} INFO - [2025-03-26T13:42:31.939+0000] {dag.py:3239} INFO - Sync 1 DAGs
[2025-03-26T13:42:31.979+0000] {logging_mixin.py:190} INFO - [2025-03-26T13:42:31.979+0000] {dag.py:4180} INFO - Setting next_dagrun for containers1_dag to 2024-03-13 00:00:00+00:00, run_after=2024-03-14 00:00:00+00:00
[2025-03-26T13:42:32.006+0000] {processor.py:208} INFO - Processing /opt/airflow/dags/containers1_dag.py took 0.288 seconds
[2025-03-26T13:43:02.366+0000] {processor.py:186} INFO - Started process (PID=452) to work on /opt/airflow/dags/containers1_dag.py
[2025-03-26T13:43:02.375+0000] {processor.py:914} INFO - Processing file /opt/airflow/dags/containers1_dag.py for tasks to queue
[2025-03-26T13:43:02.381+0000] {logging_mixin.py:190} INFO - [2025-03-26T13:43:02.381+0000] {dagbag.py:588} INFO - Filling up the DagBag from /opt/airflow/dags/containers1_dag.py
[2025-03-26T13:43:02.630+0000] {processor.py:925} INFO - DAG(s) 'containers1_dag' retrieved from /opt/airflow/dags/containers1_dag.py
[2025-03-26T13:43:02.688+0000] {logging_mixin.py:190} INFO - [2025-03-26T13:43:02.687+0000] {dag.py:3239} INFO - Sync 1 DAGs
[2025-03-26T13:43:02.760+0000] {logging_mixin.py:190} INFO - [2025-03-26T13:43:02.759+0000] {dag.py:4180} INFO - Setting next_dagrun for containers1_dag to 2024-03-13 00:00:00+00:00, run_after=2024-03-14 00:00:00+00:00
[2025-03-26T13:43:02.799+0000] {processor.py:208} INFO - Processing /opt/airflow/dags/containers1_dag.py took 0.446 seconds
[2025-03-26T13:43:33.180+0000] {processor.py:186} INFO - Started process (PID=468) to work on /opt/airflow/dags/containers1_dag.py
[2025-03-26T13:43:33.184+0000] {processor.py:914} INFO - Processing file /opt/airflow/dags/containers1_dag.py for tasks to queue
[2025-03-26T13:43:33.187+0000] {logging_mixin.py:190} INFO - [2025-03-26T13:43:33.187+0000] {dagbag.py:588} INFO - Filling up the DagBag from /opt/airflow/dags/containers1_dag.py
[2025-03-26T13:43:33.203+0000] {processor.py:925} INFO - DAG(s) 'containers1_dag' retrieved from /opt/airflow/dags/containers1_dag.py
[2025-03-26T13:43:33.248+0000] {logging_mixin.py:190} INFO - [2025-03-26T13:43:33.247+0000] {dag.py:3239} INFO - Sync 1 DAGs
[2025-03-26T13:43:33.314+0000] {logging_mixin.py:190} INFO - [2025-03-26T13:43:33.314+0000] {dag.py:4180} INFO - Setting next_dagrun for containers1_dag to 2024-03-13 00:00:00+00:00, run_after=2024-03-14 00:00:00+00:00
[2025-03-26T13:43:33.358+0000] {processor.py:208} INFO - Processing /opt/airflow/dags/containers1_dag.py took 0.189 seconds
[2025-03-26T13:44:03.708+0000] {processor.py:186} INFO - Started process (PID=484) to work on /opt/airflow/dags/containers1_dag.py
[2025-03-26T13:44:03.712+0000] {processor.py:914} INFO - Processing file /opt/airflow/dags/containers1_dag.py for tasks to queue
[2025-03-26T13:44:03.718+0000] {logging_mixin.py:190} INFO - [2025-03-26T13:44:03.717+0000] {dagbag.py:588} INFO - Filling up the DagBag from /opt/airflow/dags/containers1_dag.py
[2025-03-26T13:44:03.738+0000] {processor.py:925} INFO - DAG(s) 'containers1_dag' retrieved from /opt/airflow/dags/containers1_dag.py
[2025-03-26T13:44:03.791+0000] {logging_mixin.py:190} INFO - [2025-03-26T13:44:03.790+0000] {dag.py:3239} INFO - Sync 1 DAGs
[2025-03-26T13:44:03.850+0000] {logging_mixin.py:190} INFO - [2025-03-26T13:44:03.850+0000] {dag.py:4180} INFO - Setting next_dagrun for containers1_dag to 2024-03-13 00:00:00+00:00, run_after=2024-03-14 00:00:00+00:00
[2025-03-26T13:44:03.893+0000] {processor.py:208} INFO - Processing /opt/airflow/dags/containers1_dag.py took 0.204 seconds
[2025-03-26T13:44:24.126+0000] {processor.py:186} INFO - Started process (PID=494) to work on /opt/airflow/dags/containers1_dag.py
[2025-03-26T13:44:24.128+0000] {processor.py:914} INFO - Processing file /opt/airflow/dags/containers1_dag.py for tasks to queue
[2025-03-26T13:44:24.130+0000] {logging_mixin.py:190} INFO - [2025-03-26T13:44:24.130+0000] {dagbag.py:588} INFO - Filling up the DagBag from /opt/airflow/dags/containers1_dag.py
[2025-03-26T13:44:24.142+0000] {logging_mixin.py:190} INFO - [2025-03-26T13:44:24.138+0000] {dagbag.py:484} ERROR - Failed to bag_dag: /opt/airflow/dags/containers1_dag.py
Traceback (most recent call last):
  File "/home/airflow/.local/lib/python3.12/site-packages/croniter/croniter.py", line 281, in _alphaconv
    return cls.ALPHACONV[index][key]
           ~~~~~~~~~~~~~~~~~~~~^^^^^
KeyError: '/5'

During handling of the above exception, another exception occurred:

Traceback (most recent call last):
  File "/home/airflow/.local/lib/python3.12/site-packages/airflow/timetables/_cron.py", line 102, in validate
    croniter(self._expression)
  File "/home/airflow/.local/lib/python3.12/site-packages/croniter/croniter.py", line 268, in __init__
    self.expanded, self.nth_weekday_of_month = self.expand(
                                               ^^^^^^^^^^^^
  File "/home/airflow/.local/lib/python3.12/site-packages/croniter/croniter.py", line 1113, in expand
    return cls._expand(
           ^^^^^^^^^^^^
  File "/home/airflow/.local/lib/python3.12/site-packages/croniter/croniter.py", line 1017, in _expand
    t = cls._alphaconv(field_index, t, expressions)
        ^^^^^^^^^^^^^^^^^^^^^^^^^^^^^^^^^^^^^^^^^^^
  File "/home/airflow/.local/lib/python3.12/site-packages/croniter/croniter.py", line 283, in _alphaconv
    raise CroniterNotAlphaError("[{0}] is not acceptable".format(" ".join(expressions)))
croniter.croniter.CroniterNotAlphaError: [/5 * * * *] is not acceptable

During handling of the above exception, another exception occurred:

Traceback (most recent call last):
  File "/home/airflow/.local/lib/python3.12/site-packages/airflow/models/dagbag.py", line 479, in _process_modules
    dag.validate()
  File "/home/airflow/.local/lib/python3.12/site-packages/airflow/models/dag.py", line 845, in validate
    self.timetable.validate()
  File "/home/airflow/.local/lib/python3.12/site-packages/airflow/timetables/_cron.py", line 104, in validate
    raise AirflowTimetableInvalid(str(e))
airflow.exceptions.AirflowTimetableInvalid: [/5 * * * *] is not acceptable
[2025-03-26T13:44:24.142+0000] {processor.py:927} WARNING - No viable dags retrieved from /opt/airflow/dags/containers1_dag.py
[2025-03-26T13:44:24.166+0000] {processor.py:208} INFO - Processing /opt/airflow/dags/containers1_dag.py took 0.050 seconds
[2025-03-26T13:44:54.482+0000] {processor.py:186} INFO - Started process (PID=510) to work on /opt/airflow/dags/containers1_dag.py
[2025-03-26T13:44:54.483+0000] {processor.py:914} INFO - Processing file /opt/airflow/dags/containers1_dag.py for tasks to queue
[2025-03-26T13:44:54.486+0000] {logging_mixin.py:190} INFO - [2025-03-26T13:44:54.485+0000] {dagbag.py:588} INFO - Filling up the DagBag from /opt/airflow/dags/containers1_dag.py
[2025-03-26T13:44:54.505+0000] {logging_mixin.py:190} INFO - [2025-03-26T13:44:54.498+0000] {dagbag.py:484} ERROR - Failed to bag_dag: /opt/airflow/dags/containers1_dag.py
Traceback (most recent call last):
  File "/home/airflow/.local/lib/python3.12/site-packages/croniter/croniter.py", line 281, in _alphaconv
    return cls.ALPHACONV[index][key]
           ~~~~~~~~~~~~~~~~~~~~^^^^^
KeyError: '/5'

During handling of the above exception, another exception occurred:

Traceback (most recent call last):
  File "/home/airflow/.local/lib/python3.12/site-packages/airflow/timetables/_cron.py", line 102, in validate
    croniter(self._expression)
  File "/home/airflow/.local/lib/python3.12/site-packages/croniter/croniter.py", line 268, in __init__
    self.expanded, self.nth_weekday_of_month = self.expand(
                                               ^^^^^^^^^^^^
  File "/home/airflow/.local/lib/python3.12/site-packages/croniter/croniter.py", line 1113, in expand
    return cls._expand(
           ^^^^^^^^^^^^
  File "/home/airflow/.local/lib/python3.12/site-packages/croniter/croniter.py", line 1017, in _expand
    t = cls._alphaconv(field_index, t, expressions)
        ^^^^^^^^^^^^^^^^^^^^^^^^^^^^^^^^^^^^^^^^^^^
  File "/home/airflow/.local/lib/python3.12/site-packages/croniter/croniter.py", line 283, in _alphaconv
    raise CroniterNotAlphaError("[{0}] is not acceptable".format(" ".join(expressions)))
croniter.croniter.CroniterNotAlphaError: [/5 * * * *] is not acceptable

During handling of the above exception, another exception occurred:

Traceback (most recent call last):
  File "/home/airflow/.local/lib/python3.12/site-packages/airflow/models/dagbag.py", line 479, in _process_modules
    dag.validate()
  File "/home/airflow/.local/lib/python3.12/site-packages/airflow/models/dag.py", line 845, in validate
    self.timetable.validate()
  File "/home/airflow/.local/lib/python3.12/site-packages/airflow/timetables/_cron.py", line 104, in validate
    raise AirflowTimetableInvalid(str(e))
airflow.exceptions.AirflowTimetableInvalid: [/5 * * * *] is not acceptable
[2025-03-26T13:44:54.506+0000] {processor.py:927} WARNING - No viable dags retrieved from /opt/airflow/dags/containers1_dag.py
[2025-03-26T13:44:54.550+0000] {processor.py:208} INFO - Processing /opt/airflow/dags/containers1_dag.py took 0.076 seconds
[2025-03-26T13:44:56.521+0000] {processor.py:186} INFO - Started process (PID=521) to work on /opt/airflow/dags/containers1_dag.py
[2025-03-26T13:44:56.522+0000] {processor.py:914} INFO - Processing file /opt/airflow/dags/containers1_dag.py for tasks to queue
[2025-03-26T13:44:56.525+0000] {logging_mixin.py:190} INFO - [2025-03-26T13:44:56.524+0000] {dagbag.py:588} INFO - Filling up the DagBag from /opt/airflow/dags/containers1_dag.py
[2025-03-26T13:44:56.538+0000] {logging_mixin.py:190} INFO - [2025-03-26T13:44:56.534+0000] {dagbag.py:484} ERROR - Failed to bag_dag: /opt/airflow/dags/containers1_dag.py
Traceback (most recent call last):
  File "/home/airflow/.local/lib/python3.12/site-packages/croniter/croniter.py", line 281, in _alphaconv
    return cls.ALPHACONV[index][key]
           ~~~~~~~~~~~~~~~~~~~~^^^^^
KeyError: '/5'

During handling of the above exception, another exception occurred:

Traceback (most recent call last):
  File "/home/airflow/.local/lib/python3.12/site-packages/airflow/timetables/_cron.py", line 102, in validate
    croniter(self._expression)
  File "/home/airflow/.local/lib/python3.12/site-packages/croniter/croniter.py", line 268, in __init__
    self.expanded, self.nth_weekday_of_month = self.expand(
                                               ^^^^^^^^^^^^
  File "/home/airflow/.local/lib/python3.12/site-packages/croniter/croniter.py", line 1113, in expand
    return cls._expand(
           ^^^^^^^^^^^^
  File "/home/airflow/.local/lib/python3.12/site-packages/croniter/croniter.py", line 1017, in _expand
    t = cls._alphaconv(field_index, t, expressions)
        ^^^^^^^^^^^^^^^^^^^^^^^^^^^^^^^^^^^^^^^^^^^
  File "/home/airflow/.local/lib/python3.12/site-packages/croniter/croniter.py", line 283, in _alphaconv
    raise CroniterNotAlphaError("[{0}] is not acceptable".format(" ".join(expressions)))
croniter.croniter.CroniterNotAlphaError: [/5 * * * *] is not acceptable

During handling of the above exception, another exception occurred:

Traceback (most recent call last):
  File "/home/airflow/.local/lib/python3.12/site-packages/airflow/models/dagbag.py", line 479, in _process_modules
    dag.validate()
  File "/home/airflow/.local/lib/python3.12/site-packages/airflow/models/dag.py", line 845, in validate
    self.timetable.validate()
  File "/home/airflow/.local/lib/python3.12/site-packages/airflow/timetables/_cron.py", line 104, in validate
    raise AirflowTimetableInvalid(str(e))
airflow.exceptions.AirflowTimetableInvalid: [/5 * * * *] is not acceptable
[2025-03-26T13:44:56.538+0000] {processor.py:927} WARNING - No viable dags retrieved from /opt/airflow/dags/containers1_dag.py
[2025-03-26T13:44:56.563+0000] {processor.py:208} INFO - Processing /opt/airflow/dags/containers1_dag.py took 0.050 seconds
[2025-03-26T13:45:26.901+0000] {processor.py:186} INFO - Started process (PID=541) to work on /opt/airflow/dags/containers1_dag.py
[2025-03-26T13:45:26.902+0000] {processor.py:914} INFO - Processing file /opt/airflow/dags/containers1_dag.py for tasks to queue
[2025-03-26T13:45:26.904+0000] {logging_mixin.py:190} INFO - [2025-03-26T13:45:26.903+0000] {dagbag.py:588} INFO - Filling up the DagBag from /opt/airflow/dags/containers1_dag.py
[2025-03-26T13:45:26.922+0000] {logging_mixin.py:190} INFO - [2025-03-26T13:45:26.916+0000] {dagbag.py:484} ERROR - Failed to bag_dag: /opt/airflow/dags/containers1_dag.py
Traceback (most recent call last):
  File "/home/airflow/.local/lib/python3.12/site-packages/croniter/croniter.py", line 281, in _alphaconv
    return cls.ALPHACONV[index][key]
           ~~~~~~~~~~~~~~~~~~~~^^^^^
KeyError: '/5'

During handling of the above exception, another exception occurred:

Traceback (most recent call last):
  File "/home/airflow/.local/lib/python3.12/site-packages/airflow/timetables/_cron.py", line 102, in validate
    croniter(self._expression)
  File "/home/airflow/.local/lib/python3.12/site-packages/croniter/croniter.py", line 268, in __init__
    self.expanded, self.nth_weekday_of_month = self.expand(
                                               ^^^^^^^^^^^^
  File "/home/airflow/.local/lib/python3.12/site-packages/croniter/croniter.py", line 1113, in expand
    return cls._expand(
           ^^^^^^^^^^^^
  File "/home/airflow/.local/lib/python3.12/site-packages/croniter/croniter.py", line 1017, in _expand
    t = cls._alphaconv(field_index, t, expressions)
        ^^^^^^^^^^^^^^^^^^^^^^^^^^^^^^^^^^^^^^^^^^^
  File "/home/airflow/.local/lib/python3.12/site-packages/croniter/croniter.py", line 283, in _alphaconv
    raise CroniterNotAlphaError("[{0}] is not acceptable".format(" ".join(expressions)))
croniter.croniter.CroniterNotAlphaError: [/5 * * * *] is not acceptable

During handling of the above exception, another exception occurred:

Traceback (most recent call last):
  File "/home/airflow/.local/lib/python3.12/site-packages/airflow/models/dagbag.py", line 479, in _process_modules
    dag.validate()
  File "/home/airflow/.local/lib/python3.12/site-packages/airflow/models/dag.py", line 845, in validate
    self.timetable.validate()
  File "/home/airflow/.local/lib/python3.12/site-packages/airflow/timetables/_cron.py", line 104, in validate
    raise AirflowTimetableInvalid(str(e))
airflow.exceptions.AirflowTimetableInvalid: [/5 * * * *] is not acceptable
[2025-03-26T13:45:26.923+0000] {processor.py:927} WARNING - No viable dags retrieved from /opt/airflow/dags/containers1_dag.py
[2025-03-26T13:45:26.959+0000] {processor.py:208} INFO - Processing /opt/airflow/dags/containers1_dag.py took 0.066 seconds
[2025-03-26T13:45:49.219+0000] {processor.py:186} INFO - Started process (PID=551) to work on /opt/airflow/dags/containers1_dag.py
[2025-03-26T13:45:49.223+0000] {processor.py:914} INFO - Processing file /opt/airflow/dags/containers1_dag.py for tasks to queue
[2025-03-26T13:45:49.225+0000] {logging_mixin.py:190} INFO - [2025-03-26T13:45:49.225+0000] {dagbag.py:588} INFO - Filling up the DagBag from /opt/airflow/dags/containers1_dag.py
[2025-03-26T13:45:49.236+0000] {processor.py:925} INFO - DAG(s) 'containers1_dag' retrieved from /opt/airflow/dags/containers1_dag.py
[2025-03-26T13:45:49.426+0000] {logging_mixin.py:190} INFO - [2025-03-26T13:45:49.426+0000] {dag.py:3239} INFO - Sync 1 DAGs
[2025-03-26T13:45:49.454+0000] {logging_mixin.py:190} INFO - [2025-03-26T13:45:49.454+0000] {dag.py:4180} INFO - Setting next_dagrun for containers1_dag to 2025-03-25 00:00:00+00:00, run_after=2025-03-25 00:05:00+00:00
[2025-03-26T13:45:49.487+0000] {processor.py:208} INFO - Processing /opt/airflow/dags/containers1_dag.py took 0.275 seconds
[2025-03-26T13:46:19.715+0000] {processor.py:186} INFO - Started process (PID=658) to work on /opt/airflow/dags/containers1_dag.py
[2025-03-26T13:46:19.807+0000] {processor.py:914} INFO - Processing file /opt/airflow/dags/containers1_dag.py for tasks to queue
[2025-03-26T13:46:19.856+0000] {logging_mixin.py:190} INFO - [2025-03-26T13:46:19.840+0000] {dagbag.py:588} INFO - Filling up the DagBag from /opt/airflow/dags/containers1_dag.py
[2025-03-26T13:46:20.054+0000] {processor.py:925} INFO - DAG(s) 'containers1_dag' retrieved from /opt/airflow/dags/containers1_dag.py
[2025-03-26T13:46:20.328+0000] {logging_mixin.py:190} INFO - [2025-03-26T13:46:20.328+0000] {dag.py:3239} INFO - Sync 1 DAGs
[2025-03-26T13:46:20.396+0000] {logging_mixin.py:190} INFO - [2025-03-26T13:46:20.396+0000] {dag.py:4180} INFO - Setting next_dagrun for containers1_dag to 2025-03-25 01:40:00+00:00, run_after=2025-03-25 01:45:00+00:00
[2025-03-26T13:46:21.198+0000] {processor.py:208} INFO - Processing /opt/airflow/dags/containers1_dag.py took 1.498 seconds
[2025-03-26T13:46:53.375+0000] {processor.py:186} INFO - Started process (PID=758) to work on /opt/airflow/dags/containers1_dag.py
[2025-03-26T13:46:53.401+0000] {processor.py:914} INFO - Processing file /opt/airflow/dags/containers1_dag.py for tasks to queue
[2025-03-26T13:46:53.410+0000] {logging_mixin.py:190} INFO - [2025-03-26T13:46:53.409+0000] {dagbag.py:588} INFO - Filling up the DagBag from /opt/airflow/dags/containers1_dag.py
[2025-03-26T13:46:53.521+0000] {processor.py:925} INFO - DAG(s) 'containers1_dag' retrieved from /opt/airflow/dags/containers1_dag.py
[2025-03-26T13:46:53.993+0000] {logging_mixin.py:190} INFO - [2025-03-26T13:46:53.991+0000] {dag.py:3239} INFO - Sync 1 DAGs
[2025-03-26T13:46:54.496+0000] {logging_mixin.py:190} INFO - [2025-03-26T13:46:54.495+0000] {dag.py:4180} INFO - Setting next_dagrun for containers1_dag to 2025-03-25 02:40:00+00:00, run_after=2025-03-25 02:45:00+00:00
[2025-03-26T13:46:54.600+0000] {processor.py:208} INFO - Processing /opt/airflow/dags/containers1_dag.py took 1.592 seconds
[2025-03-26T13:47:25.303+0000] {processor.py:186} INFO - Started process (PID=844) to work on /opt/airflow/dags/containers1_dag.py
[2025-03-26T13:47:25.384+0000] {processor.py:914} INFO - Processing file /opt/airflow/dags/containers1_dag.py for tasks to queue
[2025-03-26T13:47:25.445+0000] {logging_mixin.py:190} INFO - [2025-03-26T13:47:25.394+0000] {dagbag.py:588} INFO - Filling up the DagBag from /opt/airflow/dags/containers1_dag.py
[2025-03-26T13:47:25.932+0000] {processor.py:925} INFO - DAG(s) 'containers1_dag' retrieved from /opt/airflow/dags/containers1_dag.py
[2025-03-26T13:47:25.996+0000] {logging_mixin.py:190} INFO - [2025-03-26T13:47:25.995+0000] {dag.py:3239} INFO - Sync 1 DAGs
[2025-03-26T13:47:26.582+0000] {logging_mixin.py:190} INFO - [2025-03-26T13:47:26.582+0000] {dag.py:4180} INFO - Setting next_dagrun for containers1_dag to 2025-03-25 03:40:00+00:00, run_after=2025-03-25 03:45:00+00:00
[2025-03-26T13:47:26.854+0000] {processor.py:208} INFO - Processing /opt/airflow/dags/containers1_dag.py took 1.597 seconds
[2025-03-26T13:47:58.545+0000] {processor.py:186} INFO - Started process (PID=929) to work on /opt/airflow/dags/containers1_dag.py
[2025-03-26T13:47:58.563+0000] {processor.py:914} INFO - Processing file /opt/airflow/dags/containers1_dag.py for tasks to queue
[2025-03-26T13:47:58.579+0000] {logging_mixin.py:190} INFO - [2025-03-26T13:47:58.578+0000] {dagbag.py:588} INFO - Filling up the DagBag from /opt/airflow/dags/containers1_dag.py
[2025-03-26T13:47:58.911+0000] {processor.py:925} INFO - DAG(s) 'containers1_dag' retrieved from /opt/airflow/dags/containers1_dag.py
[2025-03-26T13:48:00.054+0000] {logging_mixin.py:190} INFO - [2025-03-26T13:48:00.053+0000] {dag.py:3239} INFO - Sync 1 DAGs
[2025-03-26T13:48:00.750+0000] {logging_mixin.py:190} INFO - [2025-03-26T13:48:00.749+0000] {dag.py:4180} INFO - Setting next_dagrun for containers1_dag to 2025-03-25 04:40:00+00:00, run_after=2025-03-25 04:45:00+00:00
[2025-03-26T13:48:00.962+0000] {processor.py:208} INFO - Processing /opt/airflow/dags/containers1_dag.py took 2.742 seconds
[2025-03-26T13:48:32.060+0000] {processor.py:186} INFO - Started process (PID=1031) to work on /opt/airflow/dags/containers1_dag.py
[2025-03-26T13:48:32.078+0000] {processor.py:914} INFO - Processing file /opt/airflow/dags/containers1_dag.py for tasks to queue
[2025-03-26T13:48:32.123+0000] {logging_mixin.py:190} INFO - [2025-03-26T13:48:32.114+0000] {dagbag.py:588} INFO - Filling up the DagBag from /opt/airflow/dags/containers1_dag.py
[2025-03-26T13:48:32.145+0000] {processor.py:925} INFO - DAG(s) 'containers1_dag' retrieved from /opt/airflow/dags/containers1_dag.py
[2025-03-26T13:48:32.780+0000] {logging_mixin.py:190} INFO - [2025-03-26T13:48:32.778+0000] {dag.py:3239} INFO - Sync 1 DAGs
[2025-03-26T13:48:33.058+0000] {logging_mixin.py:190} INFO - [2025-03-26T13:48:33.058+0000] {dag.py:4180} INFO - Setting next_dagrun for containers1_dag to 2025-03-25 05:40:00+00:00, run_after=2025-03-25 05:45:00+00:00
[2025-03-26T13:48:33.427+0000] {processor.py:208} INFO - Processing /opt/airflow/dags/containers1_dag.py took 1.388 seconds
[2025-03-26T13:49:04.181+0000] {processor.py:186} INFO - Started process (PID=1079) to work on /opt/airflow/dags/containers1_dag.py
[2025-03-26T13:49:04.199+0000] {processor.py:914} INFO - Processing file /opt/airflow/dags/containers1_dag.py for tasks to queue
[2025-03-26T13:49:04.200+0000] {logging_mixin.py:190} INFO - [2025-03-26T13:49:04.200+0000] {dagbag.py:588} INFO - Filling up the DagBag from /opt/airflow/dags/containers1_dag.py
[2025-03-26T13:49:04.216+0000] {processor.py:925} INFO - DAG(s) 'containers1_dag' retrieved from /opt/airflow/dags/containers1_dag.py
[2025-03-26T13:49:04.271+0000] {logging_mixin.py:190} INFO - [2025-03-26T13:49:04.271+0000] {dag.py:3239} INFO - Sync 1 DAGs
[2025-03-26T13:49:04.334+0000] {logging_mixin.py:190} INFO - [2025-03-26T13:49:04.333+0000] {dag.py:4180} INFO - Setting next_dagrun for containers1_dag to 2025-03-25 05:55:00+00:00, run_after=2025-03-25 06:00:00+00:00
[2025-03-26T13:49:04.388+0000] {processor.py:208} INFO - Processing /opt/airflow/dags/containers1_dag.py took 0.230 seconds
[2025-03-26T13:49:34.710+0000] {processor.py:186} INFO - Started process (PID=1151) to work on /opt/airflow/dags/containers1_dag.py
[2025-03-26T13:49:34.718+0000] {processor.py:914} INFO - Processing file /opt/airflow/dags/containers1_dag.py for tasks to queue
[2025-03-26T13:49:34.724+0000] {logging_mixin.py:190} INFO - [2025-03-26T13:49:34.723+0000] {dagbag.py:588} INFO - Filling up the DagBag from /opt/airflow/dags/containers1_dag.py
[2025-03-26T13:49:34.841+0000] {processor.py:925} INFO - DAG(s) 'containers1_dag' retrieved from /opt/airflow/dags/containers1_dag.py
[2025-03-26T13:49:34.920+0000] {logging_mixin.py:190} INFO - [2025-03-26T13:49:34.919+0000] {dag.py:3239} INFO - Sync 1 DAGs
[2025-03-26T13:49:34.986+0000] {logging_mixin.py:190} INFO - [2025-03-26T13:49:34.986+0000] {dag.py:4180} INFO - Setting next_dagrun for containers1_dag to 2025-03-25 06:50:00+00:00, run_after=2025-03-25 06:55:00+00:00
[2025-03-26T13:49:35.204+0000] {processor.py:208} INFO - Processing /opt/airflow/dags/containers1_dag.py took 0.556 seconds
[2025-03-26T13:50:06.330+0000] {processor.py:186} INFO - Started process (PID=1213) to work on /opt/airflow/dags/containers1_dag.py
[2025-03-26T13:50:06.332+0000] {processor.py:914} INFO - Processing file /opt/airflow/dags/containers1_dag.py for tasks to queue
[2025-03-26T13:50:06.479+0000] {logging_mixin.py:190} INFO - [2025-03-26T13:50:06.338+0000] {dagbag.py:588} INFO - Filling up the DagBag from /opt/airflow/dags/containers1_dag.py
[2025-03-26T13:50:06.498+0000] {processor.py:925} INFO - DAG(s) 'containers1_dag' retrieved from /opt/airflow/dags/containers1_dag.py
[2025-03-26T13:50:06.587+0000] {logging_mixin.py:190} INFO - [2025-03-26T13:50:06.586+0000] {dag.py:3239} INFO - Sync 1 DAGs
[2025-03-26T13:50:06.854+0000] {logging_mixin.py:190} INFO - [2025-03-26T13:50:06.854+0000] {dag.py:4180} INFO - Setting next_dagrun for containers1_dag to 2025-03-25 07:20:00+00:00, run_after=2025-03-25 07:25:00+00:00
[2025-03-26T13:50:06.958+0000] {processor.py:208} INFO - Processing /opt/airflow/dags/containers1_dag.py took 0.643 seconds
[2025-03-26T13:50:37.396+0000] {processor.py:186} INFO - Started process (PID=1307) to work on /opt/airflow/dags/containers1_dag.py
[2025-03-26T13:50:37.417+0000] {processor.py:914} INFO - Processing file /opt/airflow/dags/containers1_dag.py for tasks to queue
[2025-03-26T13:50:37.435+0000] {logging_mixin.py:190} INFO - [2025-03-26T13:50:37.435+0000] {dagbag.py:588} INFO - Filling up the DagBag from /opt/airflow/dags/containers1_dag.py
[2025-03-26T13:50:37.483+0000] {processor.py:925} INFO - DAG(s) 'containers1_dag' retrieved from /opt/airflow/dags/containers1_dag.py
[2025-03-26T13:50:37.822+0000] {logging_mixin.py:190} INFO - [2025-03-26T13:50:37.821+0000] {dag.py:3239} INFO - Sync 1 DAGs
[2025-03-26T13:50:38.046+0000] {logging_mixin.py:190} INFO - [2025-03-26T13:50:38.006+0000] {dag.py:4180} INFO - Setting next_dagrun for containers1_dag to 2025-03-25 08:25:00+00:00, run_after=2025-03-25 08:30:00+00:00
[2025-03-26T13:50:38.675+0000] {processor.py:208} INFO - Processing /opt/airflow/dags/containers1_dag.py took 1.429 seconds
[2025-03-26T13:51:09.065+0000] {processor.py:186} INFO - Started process (PID=1399) to work on /opt/airflow/dags/containers1_dag.py
[2025-03-26T13:51:09.073+0000] {processor.py:914} INFO - Processing file /opt/airflow/dags/containers1_dag.py for tasks to queue
[2025-03-26T13:51:09.096+0000] {logging_mixin.py:190} INFO - [2025-03-26T13:51:09.092+0000] {dagbag.py:588} INFO - Filling up the DagBag from /opt/airflow/dags/containers1_dag.py
[2025-03-26T13:51:09.188+0000] {processor.py:925} INFO - DAG(s) 'containers1_dag' retrieved from /opt/airflow/dags/containers1_dag.py
[2025-03-26T13:51:09.544+0000] {logging_mixin.py:190} INFO - [2025-03-26T13:51:09.544+0000] {dag.py:3239} INFO - Sync 1 DAGs
[2025-03-26T13:51:09.597+0000] {logging_mixin.py:190} INFO - [2025-03-26T13:51:09.597+0000] {dag.py:4180} INFO - Setting next_dagrun for containers1_dag to 2025-03-25 09:30:00+00:00, run_after=2025-03-25 09:35:00+00:00
[2025-03-26T13:51:09.679+0000] {processor.py:208} INFO - Processing /opt/airflow/dags/containers1_dag.py took 0.820 seconds
[2025-03-26T13:51:40.554+0000] {processor.py:186} INFO - Started process (PID=1481) to work on /opt/airflow/dags/containers1_dag.py
[2025-03-26T13:51:40.629+0000] {processor.py:914} INFO - Processing file /opt/airflow/dags/containers1_dag.py for tasks to queue
[2025-03-26T13:51:40.656+0000] {logging_mixin.py:190} INFO - [2025-03-26T13:51:40.648+0000] {dagbag.py:588} INFO - Filling up the DagBag from /opt/airflow/dags/containers1_dag.py
[2025-03-26T13:51:41.139+0000] {processor.py:925} INFO - DAG(s) 'containers1_dag' retrieved from /opt/airflow/dags/containers1_dag.py
[2025-03-26T13:51:41.830+0000] {logging_mixin.py:190} INFO - [2025-03-26T13:51:41.829+0000] {dag.py:3239} INFO - Sync 1 DAGs
[2025-03-26T13:51:42.690+0000] {logging_mixin.py:190} INFO - [2025-03-26T13:51:42.690+0000] {dag.py:4180} INFO - Setting next_dagrun for containers1_dag to 2025-03-25 10:30:00+00:00, run_after=2025-03-25 10:35:00+00:00
[2025-03-26T13:51:42.949+0000] {processor.py:208} INFO - Processing /opt/airflow/dags/containers1_dag.py took 2.409 seconds
[2025-03-26T13:52:13.323+0000] {processor.py:186} INFO - Started process (PID=1555) to work on /opt/airflow/dags/containers1_dag.py
[2025-03-26T13:52:13.348+0000] {processor.py:914} INFO - Processing file /opt/airflow/dags/containers1_dag.py for tasks to queue
[2025-03-26T13:52:13.350+0000] {logging_mixin.py:190} INFO - [2025-03-26T13:52:13.350+0000] {dagbag.py:588} INFO - Filling up the DagBag from /opt/airflow/dags/containers1_dag.py
[2025-03-26T13:52:13.637+0000] {processor.py:925} INFO - DAG(s) 'containers1_dag' retrieved from /opt/airflow/dags/containers1_dag.py
[2025-03-26T13:52:13.809+0000] {logging_mixin.py:190} INFO - [2025-03-26T13:52:13.809+0000] {dag.py:3239} INFO - Sync 1 DAGs
[2025-03-26T13:52:14.100+0000] {logging_mixin.py:190} INFO - [2025-03-26T13:52:14.100+0000] {dag.py:4180} INFO - Setting next_dagrun for containers1_dag to 2025-03-25 11:40:00+00:00, run_after=2025-03-25 11:45:00+00:00
[2025-03-26T13:52:14.214+0000] {processor.py:208} INFO - Processing /opt/airflow/dags/containers1_dag.py took 0.959 seconds
[2025-03-26T13:52:45.258+0000] {processor.py:186} INFO - Started process (PID=1647) to work on /opt/airflow/dags/containers1_dag.py
[2025-03-26T13:52:45.289+0000] {processor.py:914} INFO - Processing file /opt/airflow/dags/containers1_dag.py for tasks to queue
[2025-03-26T13:52:45.340+0000] {logging_mixin.py:190} INFO - [2025-03-26T13:52:45.324+0000] {dagbag.py:588} INFO - Filling up the DagBag from /opt/airflow/dags/containers1_dag.py
[2025-03-26T13:52:45.661+0000] {processor.py:925} INFO - DAG(s) 'containers1_dag' retrieved from /opt/airflow/dags/containers1_dag.py
[2025-03-26T13:52:45.852+0000] {logging_mixin.py:190} INFO - [2025-03-26T13:52:45.851+0000] {dag.py:3239} INFO - Sync 1 DAGs
[2025-03-26T13:52:46.133+0000] {logging_mixin.py:190} INFO - [2025-03-26T13:52:46.034+0000] {dag.py:4180} INFO - Setting next_dagrun for containers1_dag to 2025-03-25 12:30:00+00:00, run_after=2025-03-25 12:35:00+00:00
[2025-03-26T13:52:47.120+0000] {processor.py:208} INFO - Processing /opt/airflow/dags/containers1_dag.py took 2.018 seconds
[2025-03-26T13:53:17.840+0000] {processor.py:186} INFO - Started process (PID=1699) to work on /opt/airflow/dags/containers1_dag.py
[2025-03-26T13:53:17.844+0000] {processor.py:914} INFO - Processing file /opt/airflow/dags/containers1_dag.py for tasks to queue
[2025-03-26T13:53:17.847+0000] {logging_mixin.py:190} INFO - [2025-03-26T13:53:17.846+0000] {dagbag.py:588} INFO - Filling up the DagBag from /opt/airflow/dags/containers1_dag.py
[2025-03-26T13:53:17.905+0000] {processor.py:925} INFO - DAG(s) 'containers1_dag' retrieved from /opt/airflow/dags/containers1_dag.py
[2025-03-26T13:53:17.966+0000] {logging_mixin.py:190} INFO - [2025-03-26T13:53:17.966+0000] {dag.py:3239} INFO - Sync 1 DAGs
[2025-03-26T13:53:18.035+0000] {logging_mixin.py:190} INFO - [2025-03-26T13:53:18.034+0000] {dag.py:4180} INFO - Setting next_dagrun for containers1_dag to 2025-03-25 12:45:00+00:00, run_after=2025-03-25 12:50:00+00:00
[2025-03-26T13:53:18.100+0000] {processor.py:208} INFO - Processing /opt/airflow/dags/containers1_dag.py took 0.276 seconds
[2025-03-26T13:53:48.863+0000] {processor.py:186} INFO - Started process (PID=1779) to work on /opt/airflow/dags/containers1_dag.py
[2025-03-26T13:53:48.881+0000] {processor.py:914} INFO - Processing file /opt/airflow/dags/containers1_dag.py for tasks to queue
[2025-03-26T13:53:48.897+0000] {logging_mixin.py:190} INFO - [2025-03-26T13:53:48.884+0000] {dagbag.py:588} INFO - Filling up the DagBag from /opt/airflow/dags/containers1_dag.py
[2025-03-26T13:53:48.930+0000] {processor.py:925} INFO - DAG(s) 'containers1_dag' retrieved from /opt/airflow/dags/containers1_dag.py
[2025-03-26T13:53:49.156+0000] {logging_mixin.py:190} INFO - [2025-03-26T13:53:49.156+0000] {dag.py:3239} INFO - Sync 1 DAGs
[2025-03-26T13:53:49.419+0000] {logging_mixin.py:190} INFO - [2025-03-26T13:53:49.418+0000] {dag.py:4180} INFO - Setting next_dagrun for containers1_dag to 2025-03-25 13:45:00+00:00, run_after=2025-03-25 13:50:00+00:00
[2025-03-26T13:53:49.681+0000] {processor.py:208} INFO - Processing /opt/airflow/dags/containers1_dag.py took 0.881 seconds
[2025-03-26T13:54:20.070+0000] {processor.py:186} INFO - Started process (PID=1848) to work on /opt/airflow/dags/containers1_dag.py
[2025-03-26T13:54:20.161+0000] {processor.py:914} INFO - Processing file /opt/airflow/dags/containers1_dag.py for tasks to queue
[2025-03-26T13:54:20.173+0000] {logging_mixin.py:190} INFO - [2025-03-26T13:54:20.172+0000] {dagbag.py:588} INFO - Filling up the DagBag from /opt/airflow/dags/containers1_dag.py
[2025-03-26T13:54:20.211+0000] {processor.py:925} INFO - DAG(s) 'containers1_dag' retrieved from /opt/airflow/dags/containers1_dag.py
[2025-03-26T13:54:20.396+0000] {logging_mixin.py:190} INFO - [2025-03-26T13:54:20.394+0000] {dag.py:3239} INFO - Sync 1 DAGs
[2025-03-26T13:54:20.575+0000] {logging_mixin.py:190} INFO - [2025-03-26T13:54:20.574+0000] {dag.py:4180} INFO - Setting next_dagrun for containers1_dag to 2025-03-25 14:25:00+00:00, run_after=2025-03-25 14:30:00+00:00
[2025-03-26T13:54:20.737+0000] {processor.py:208} INFO - Processing /opt/airflow/dags/containers1_dag.py took 0.696 seconds
[2025-03-26T13:54:52.554+0000] {processor.py:186} INFO - Started process (PID=1917) to work on /opt/airflow/dags/containers1_dag.py
[2025-03-26T13:54:52.939+0000] {processor.py:914} INFO - Processing file /opt/airflow/dags/containers1_dag.py for tasks to queue
[2025-03-26T13:54:53.005+0000] {logging_mixin.py:190} INFO - [2025-03-26T13:54:52.963+0000] {dagbag.py:588} INFO - Filling up the DagBag from /opt/airflow/dags/containers1_dag.py
[2025-03-26T13:54:53.505+0000] {processor.py:925} INFO - DAG(s) 'containers1_dag' retrieved from /opt/airflow/dags/containers1_dag.py
[2025-03-26T13:54:53.557+0000] {logging_mixin.py:190} INFO - [2025-03-26T13:54:53.556+0000] {dag.py:3239} INFO - Sync 1 DAGs
[2025-03-26T13:54:53.645+0000] {logging_mixin.py:190} INFO - [2025-03-26T13:54:53.644+0000] {dag.py:4180} INFO - Setting next_dagrun for containers1_dag to 2025-03-25 15:20:00+00:00, run_after=2025-03-25 15:25:00+00:00
[2025-03-26T13:54:54.225+0000] {processor.py:208} INFO - Processing /opt/airflow/dags/containers1_dag.py took 1.686 seconds
[2025-03-26T13:55:24.981+0000] {processor.py:186} INFO - Started process (PID=1960) to work on /opt/airflow/dags/containers1_dag.py
[2025-03-26T13:55:24.985+0000] {processor.py:914} INFO - Processing file /opt/airflow/dags/containers1_dag.py for tasks to queue
[2025-03-26T13:55:24.987+0000] {logging_mixin.py:190} INFO - [2025-03-26T13:55:24.987+0000] {dagbag.py:588} INFO - Filling up the DagBag from /opt/airflow/dags/containers1_dag.py
[2025-03-26T13:55:25.002+0000] {processor.py:925} INFO - DAG(s) 'containers1_dag' retrieved from /opt/airflow/dags/containers1_dag.py
[2025-03-26T13:55:25.046+0000] {logging_mixin.py:190} INFO - [2025-03-26T13:55:25.045+0000] {dag.py:3239} INFO - Sync 1 DAGs
[2025-03-26T13:55:25.088+0000] {logging_mixin.py:190} INFO - [2025-03-26T13:55:25.087+0000] {dag.py:4180} INFO - Setting next_dagrun for containers1_dag to 2025-03-25 15:30:00+00:00, run_after=2025-03-25 15:35:00+00:00
[2025-03-26T13:55:25.121+0000] {processor.py:208} INFO - Processing /opt/airflow/dags/containers1_dag.py took 0.150 seconds
[2025-03-26T13:55:55.464+0000] {processor.py:186} INFO - Started process (PID=1976) to work on /opt/airflow/dags/containers1_dag.py
[2025-03-26T13:55:55.465+0000] {processor.py:914} INFO - Processing file /opt/airflow/dags/containers1_dag.py for tasks to queue
[2025-03-26T13:55:55.469+0000] {logging_mixin.py:190} INFO - [2025-03-26T13:55:55.469+0000] {dagbag.py:588} INFO - Filling up the DagBag from /opt/airflow/dags/containers1_dag.py
[2025-03-26T13:55:55.485+0000] {processor.py:925} INFO - DAG(s) 'containers1_dag' retrieved from /opt/airflow/dags/containers1_dag.py
[2025-03-26T13:55:55.534+0000] {logging_mixin.py:190} INFO - [2025-03-26T13:55:55.533+0000] {dag.py:3239} INFO - Sync 1 DAGs
[2025-03-26T13:55:55.574+0000] {logging_mixin.py:190} INFO - [2025-03-26T13:55:55.574+0000] {dag.py:4180} INFO - Setting next_dagrun for containers1_dag to 2025-03-25 15:30:00+00:00, run_after=2025-03-25 15:35:00+00:00
[2025-03-26T13:55:55.606+0000] {processor.py:208} INFO - Processing /opt/airflow/dags/containers1_dag.py took 0.152 seconds
